This file contains any messages produced by compilers while
running configure, to aid debugging if configure makes a mistake.

It was created by openocd configure 0.12.0-rc3, which was
generated by GNU Autoconf 2.69.  Invocation command line was

  $ ./configure --enable-malloc-logging --enable-dummy --enable-rshim --enable-ftdi --enable-stlink --enable-ti-icdi --enable-ulink --enable-usb-blaster-2 --enable-ft232r --enable-vsllink --enable-xds110 --enable-cmsis-dap-v2 --enable-osbdm --enable-opendous --enable-armjtagew --enable-rlink --enable-usbprog --enable-esp-usb-jtag --enable-cmsis-dap --enable-nulink --enable-kitprog --enable-usb-blaster --enable-presto --enable-openjtag --enable-buspirate --enable-jlink --enable-aice --enable-parport --enable-parport-ppdev --enable-parport-giveio --enable-jtag_vpi --enable-vdebug --enable-jtag_dpi --enable-amtjtagaccel --enable-bcm2835gpio --enable-imx_gpio --enable-am335xgpio --enable-ep93xx --enable-at91rm9200 --enable-gw16012 --enable-sysfsgpio --enable-xlnx-pcie-xvc --enable-internal-jimtcl --enable-jimtcl-maintainer --enable-internal-libjaylink --enable-remote-bitbang

## --------- ##
## Platform. ##
## --------- ##

hostname = daiabox.localdomain
uname -m = x86_64
uname -r = 5.13.6
uname -s = Linux
uname -v = #1 SMP PREEMPT Thu Jul 29 12:18:51 CEST 2021

/usr/bin/uname -p = x86_64
/bin/uname -X     = unknown

/bin/arch              = x86_64
/usr/bin/arch -k       = unknown
/usr/convex/getsysinfo = unknown
/usr/bin/hostinfo      = unknown
/bin/machine           = unknown
/usr/bin/oslevel       = unknown
/bin/universe          = unknown

PATH: /usr/local/bin
PATH: /usr/local/sbin
PATH: /sbin
PATH: /usr/sbin
PATH: /opt/bin
PATH: /home/inddaia/.local/bin
PATH: /home/inddaia/bin
PATH: /usr/local/bin
PATH: /usr/local/sbin
PATH: /sbin
PATH: /usr/sbin
PATH: /opt/bin
PATH: /home/inddaia/.local/bin
PATH: /home/inddaia/bin
PATH: /usr/condabin
PATH: /usr/local/bin
PATH: /usr/bin
PATH: /usr/local/sbin
PATH: /usr/sbin
PATH: /usr/local/bin
PATH: .
PATH: /home/opt/CodeSourcery/Sourcery_G++_Lite/bin/
PATH: /opt/glc/bin
PATH: /usr/local/aplac-student/bin
PATH: /usr/local/cuda/bin
PATH: .
PATH: /usr/local/bin
PATH: .
PATH: /home/opt/CodeSourcery/Sourcery_G++_Lite/bin/
PATH: /opt/glc/bin
PATH: /usr/local/aplac-student/bin
PATH: /usr/local/cuda/bin


## ----------- ##
## Core tests. ##
## ----------- ##

configure:2639: checking for makeinfo
configure:2655: found /usr/bin/makeinfo
configure:2666: result: makeinfo
configure:2699: checking for a BSD-compatible install
configure:2767: result: /usr/bin/install -c
configure:2778: checking whether build environment is sane
configure:2833: result: yes
configure:2984: checking for a thread-safe mkdir -p
configure:3023: result: /usr/bin/mkdir -p
configure:3030: checking for gawk
configure:3046: found /usr/bin/gawk
configure:3057: result: gawk
configure:3068: checking whether make sets $(MAKE)
configure:3090: result: yes
configure:3119: checking whether make supports nested variables
configure:3136: result: yes
configure:3320: checking for gcc
configure:3336: found /usr/bin/gcc
configure:3347: result: gcc
configure:3576: checking for C compiler version
configure:3585: gcc --version >&5
gcc (GCC) 8.5.0 20210514 (Red Hat 8.5.0-4)
Copyright (C) 2018 Free Software Foundation, Inc.
This is free software; see the source for copying conditions.  There is NO
warranty; not even for MERCHANTABILITY or FITNESS FOR A PARTICULAR PURPOSE.

configure:3596: $? = 0
configure:3585: gcc -v >&5
Using built-in specs.
COLLECT_GCC=gcc
COLLECT_LTO_WRAPPER=/usr/libexec/gcc/x86_64-redhat-linux/8/lto-wrapper
OFFLOAD_TARGET_NAMES=nvptx-none
OFFLOAD_TARGET_DEFAULT=1
Target: x86_64-redhat-linux
Configured with: ../configure --enable-bootstrap --enable-languages=c,c++,fortran,lto --prefix=/usr --mandir=/usr/share/man --infodir=/usr/share/info --with-bugurl=http://bugzilla.redhat.com/bugzilla --enable-shared --enable-threads=posix --enable-checking=release --enable-multilib --with-system-zlib --enable-__cxa_atexit --disable-libunwind-exceptions --enable-gnu-unique-object --enable-linker-build-id --with-gcc-major-version-only --with-linker-hash-style=gnu --enable-plugin --enable-initfini-array --with-isl --disable-libmpx --enable-offload-targets=nvptx-none --without-cuda-driver --enable-gnu-indirect-function --enable-cet --with-tune=generic --with-arch_32=x86-64 --build=x86_64-redhat-linux
Thread model: posix
gcc version 8.5.0 20210514 (Red Hat 8.5.0-4) (GCC) 
configure:3596: $? = 0
configure:3585: gcc -V >&5
gcc: error: unrecognized command line option '-V'
gcc: fatal error: no input files
compilation terminated.
configure:3596: $? = 1
configure:3585: gcc -qversion >&5
gcc: error: unrecognized command line option '-qversion'; did you mean '--version'?
gcc: fatal error: no input files
compilation terminated.
configure:3596: $? = 1
configure:3616: checking whether the C compiler works
configure:3638: gcc    conftest.c  >&5
configure:3642: $? = 0
configure:3690: result: yes
configure:3693: checking for C compiler default output file name
configure:3695: result: a.out
configure:3701: checking for suffix of executables
configure:3708: gcc -o conftest    conftest.c  >&5
configure:3712: $? = 0
configure:3734: result: 
configure:3756: checking whether we are cross compiling
configure:3764: gcc -o conftest    conftest.c  >&5
configure:3768: $? = 0
configure:3775: ./conftest
configure:3779: $? = 0
configure:3794: result: no
configure:3799: checking for suffix of object files
configure:3821: gcc -c   conftest.c >&5
configure:3825: $? = 0
configure:3846: result: o
configure:3850: checking whether we are using the GNU C compiler
configure:3869: gcc -c   conftest.c >&5
configure:3869: $? = 0
configure:3878: result: yes
configure:3887: checking whether gcc accepts -g
configure:3907: gcc -c -g  conftest.c >&5
configure:3907: $? = 0
configure:3948: result: yes
configure:3965: checking for gcc option to accept ISO C89
configure:4028: gcc  -c -g -O2  conftest.c >&5
configure:4028: $? = 0
configure:4041: result: none needed
configure:4066: checking whether gcc understands -c and -o together
configure:4088: gcc -c conftest.c -o conftest2.o
configure:4091: $? = 0
configure:4088: gcc -c conftest.c -o conftest2.o
configure:4091: $? = 0
configure:4103: result: yes
configure:4123: checking whether make supports the include directive
configure:4138: make -f confmf.GNU && cat confinc.out
this is the am__doit target
configure:4141: $? = 0
configure:4160: result: yes (GNU style)
configure:4185: checking dependency style of gcc
configure:4296: result: gcc3
configure:4312: checking for gcc option to accept ISO C99
configure:4461: gcc  -c -g -O2  conftest.c >&5
configure:4461: $? = 0
configure:4474: result: none needed
configure:4533: checking for ranlib
configure:4549: found /usr/bin/ranlib
configure:4560: result: ranlib
configure:4640: checking for pkg-config
configure:4658: found /usr/bin/pkg-config
configure:4670: result: /usr/bin/pkg-config
configure:4695: checking pkg-config is at least version 0.23
configure:4698: result: yes
configure:4770: checking build system type
configure:4784: result: x86_64-pc-linux-gnu
configure:4804: checking host system type
configure:4817: result: x86_64-pc-linux-gnu
configure:4858: checking how to print strings
configure:4885: result: printf
configure:4906: checking for a sed that does not truncate output
configure:4970: result: /usr/bin/sed
configure:4988: checking for grep that handles long lines and -e
configure:5046: result: /usr/bin/grep
configure:5051: checking for egrep
configure:5113: result: /usr/bin/grep -E
configure:5118: checking for fgrep
configure:5180: result: /usr/bin/grep -F
configure:5215: checking for ld used by gcc
configure:5282: result: /usr/bin/ld
configure:5289: checking if the linker (/usr/bin/ld) is GNU ld
configure:5304: result: yes
configure:5316: checking for BSD- or MS-compatible name lister (nm)
configure:5370: result: /usr/bin/nm -B
configure:5500: checking the name lister (/usr/bin/nm -B) interface
configure:5507: gcc -c -g -O2  conftest.c >&5
configure:5510: /usr/bin/nm -B "conftest.o"
/usr/bin/nm: /usr/bin/../bin/../lib/bfd-plugins/LLVMgold.so: wrong ELF class: ELFCLASS32

configure:5513: output
0000000000000000 B some_variable
configure:5520: result: BSD nm
configure:5523: checking whether ln -s works
configure:5527: result: yes
configure:5535: checking the maximum length of command line arguments
configure:5666: result: 1572864
configure:5714: checking how to convert x86_64-pc-linux-gnu file names to x86_64-pc-linux-gnu format
configure:5754: result: func_convert_file_noop
configure:5761: checking how to convert x86_64-pc-linux-gnu file names to toolchain format
configure:5781: result: func_convert_file_noop
configure:5788: checking for /usr/bin/ld option to reload object files
configure:5795: result: -r
configure:5869: checking for objdump
configure:5885: found /usr/bin/objdump
configure:5896: result: objdump
configure:5928: checking how to recognize dependent libraries
configure:6128: result: pass_all
configure:6213: checking for dlltool
configure:6243: result: no
configure:6273: checking how to associate runtime and link libraries
configure:6300: result: printf %s\n
configure:6361: checking for ar
configure:6377: found /usr/bin/ar
configure:6388: result: ar
configure:6425: checking for archiver @FILE support
configure:6442: gcc -c -g -O2  conftest.c >&5
configure:6442: $? = 0
configure:6445: ar cru libconftest.a @conftest.lst >&5
ar: /usr/bin/../bin/../lib/bfd-plugins/LLVMgold.so: wrong ELF class: ELFCLASS32

configure:6448: $? = 0
configure:6453: ar cru libconftest.a @conftest.lst >&5
ar: conftest.o: No such file or directory
configure:6456: $? = 1
configure:6468: result: @
configure:6526: checking for strip
configure:6542: found /usr/bin/strip
configure:6553: result: strip
configure:6625: checking for ranlib
configure:6652: result: ranlib
configure:6754: checking command to parse /usr/bin/nm -B output from gcc object
configure:6907: gcc -c -g -O2  conftest.c >&5
configure:6910: $? = 0
configure:6914: /usr/bin/nm -B conftest.o \| sed -n -e 's/^.*[ ]\([ABCDGIRSTW][ABCDGIRSTW]*\)[ ][ ]*\([_A-Za-z][_A-Za-z0-9]*\)$/\1 \2 \2/p' | sed '/ __gnu_lto/d' \> conftest.nm
/usr/bin/nm: /usr/bin/../bin/../lib/bfd-plugins/LLVMgold.so: wrong ELF class: ELFCLASS32

configure:6917: $? = 0
configure:6983: gcc -o conftest -g -O2   conftest.c conftstm.o >&5
configure:6986: $? = 0
configure:7024: result: ok
configure:7071: checking for sysroot
configure:7101: result: no
configure:7108: checking for a working dd
configure:7146: result: /usr/bin/dd
configure:7150: checking how to truncate binary pipes
configure:7165: result: /usr/bin/dd bs=4096 count=1
configure:7301: gcc -c -g -O2  conftest.c >&5
configure:7304: $? = 0
configure:7494: checking for mt
configure:7524: result: no
configure:7544: checking if : is a manifest tool
configure:7550: : '-?'
configure:7558: result: no
configure:8235: checking how to run the C preprocessor
configure:8266: gcc -E  conftest.c
configure:8266: $? = 0
configure:8280: gcc -E  conftest.c
conftest.c:11:10: fatal error: ac_nonexistent.h: No such file or directory
 #include <ac_nonexistent.h>
          ^~~~~~~~~~~~~~~~~~
compilation terminated.
configure:8280: $? = 1
configure: failed program was:
| /* confdefs.h */
| #define PACKAGE_NAME "openocd"
| #define PACKAGE_TARNAME "openocd"
| #define PACKAGE_VERSION "0.12.0-rc3"
| #define PACKAGE_STRING "openocd 0.12.0-rc3"
| #define PACKAGE_BUGREPORT "OpenOCD Mailing List <openocd-devel@lists.sourceforge.net>"
| #define PACKAGE_URL ""
| #define PACKAGE "openocd"
| #define VERSION "0.12.0-rc3"
| /* end confdefs.h.  */
| #include <ac_nonexistent.h>
configure:8305: result: gcc -E
configure:8325: gcc -E  conftest.c
configure:8325: $? = 0
configure:8339: gcc -E  conftest.c
conftest.c:11:10: fatal error: ac_nonexistent.h: No such file or directory
 #include <ac_nonexistent.h>
          ^~~~~~~~~~~~~~~~~~
compilation terminated.
configure:8339: $? = 1
configure: failed program was:
| /* confdefs.h */
| #define PACKAGE_NAME "openocd"
| #define PACKAGE_TARNAME "openocd"
| #define PACKAGE_VERSION "0.12.0-rc3"
| #define PACKAGE_STRING "openocd 0.12.0-rc3"
| #define PACKAGE_BUGREPORT "OpenOCD Mailing List <openocd-devel@lists.sourceforge.net>"
| #define PACKAGE_URL ""
| #define PACKAGE "openocd"
| #define VERSION "0.12.0-rc3"
| /* end confdefs.h.  */
| #include <ac_nonexistent.h>
configure:8368: checking for ANSI C header files
configure:8388: gcc -c -g -O2  conftest.c >&5
configure:8388: $? = 0
configure:8461: gcc -o conftest -g -O2   conftest.c  >&5
configure:8461: $? = 0
configure:8461: ./conftest
configure:8461: $? = 0
configure:8472: result: yes
configure:8485: checking for sys/types.h
configure:8485: gcc -c -g -O2  conftest.c >&5
configure:8485: $? = 0
configure:8485: result: yes
configure:8485: checking for sys/stat.h
configure:8485: gcc -c -g -O2  conftest.c >&5
configure:8485: $? = 0
configure:8485: result: yes
configure:8485: checking for stdlib.h
configure:8485: gcc -c -g -O2  conftest.c >&5
configure:8485: $? = 0
configure:8485: result: yes
configure:8485: checking for string.h
configure:8485: gcc -c -g -O2  conftest.c >&5
configure:8485: $? = 0
configure:8485: result: yes
configure:8485: checking for memory.h
configure:8485: gcc -c -g -O2  conftest.c >&5
configure:8485: $? = 0
configure:8485: result: yes
configure:8485: checking for strings.h
configure:8485: gcc -c -g -O2  conftest.c >&5
configure:8485: $? = 0
configure:8485: result: yes
configure:8485: checking for inttypes.h
configure:8485: gcc -c -g -O2  conftest.c >&5
configure:8485: $? = 0
configure:8485: result: yes
configure:8485: checking for stdint.h
configure:8485: gcc -c -g -O2  conftest.c >&5
configure:8485: $? = 0
configure:8485: result: yes
configure:8485: checking for unistd.h
configure:8485: gcc -c -g -O2  conftest.c >&5
configure:8485: $? = 0
configure:8485: result: yes
configure:8499: checking for dlfcn.h
configure:8499: gcc -c -g -O2  conftest.c >&5
configure:8499: $? = 0
configure:8499: result: yes
configure:8725: checking for objdir
configure:8740: result: .libs
configure:9000: checking if gcc supports -fno-rtti -fno-exceptions
configure:9018: gcc -c -g -O2  -fno-rtti -fno-exceptions conftest.c >&5
cc1: warning: command line option '-fno-rtti' is valid for C++/ObjC++ but not for C
configure:9022: $? = 0
configure:9035: result: no
configure:9393: checking for gcc option to produce PIC
configure:9400: result: -fPIC -DPIC
configure:9408: checking if gcc PIC flag -fPIC -DPIC works
configure:9426: gcc -c -g -O2  -fPIC -DPIC -DPIC conftest.c >&5
configure:9430: $? = 0
configure:9443: result: yes
configure:9472: checking if gcc static flag -static works
configure:9500: result: no
configure:9515: checking if gcc supports -c -o file.o
configure:9536: gcc -c -g -O2  -o out/conftest2.o conftest.c >&5
configure:9540: $? = 0
configure:9562: result: yes
configure:9570: checking if gcc supports -c -o file.o
configure:9617: result: yes
configure:9650: checking whether the gcc linker (/usr/bin/ld -m elf_x86_64) supports shared libraries
configure:10909: result: yes
configure:11149: checking dynamic linker characteristics
configure:11730: gcc -o conftest -g -O2   -Wl,-rpath -Wl,/foo conftest.c  >&5
configure:11730: $? = 0
configure:11970: result: GNU/Linux ld.so
configure:12092: checking how to hardcode library paths into programs
configure:12117: result: immediate
configure:12665: checking whether stripping libraries is possible
configure:12670: result: yes
configure:12705: checking if libtool supports shared libraries
configure:12707: result: yes
configure:12710: checking whether to build shared libraries
configure:12735: result: no
configure:12738: checking whether to build static libraries
configure:12742: result: yes
configure:12781: checking for an ANSI C-conforming const
configure:12847: gcc -c -g -O2  conftest.c >&5
configure:12847: $? = 0
configure:12854: result: yes
configure:12863: checking for unsigned long long int
configure:12911: result: yes
configure:12921: checking for long long int
configure:12971: result: yes
configure:12980: checking for library containing ioperm
configure:13011: gcc -o conftest -g -O2   conftest.c  >&5
configure:13011: $? = 0
configure:13028: result: none required
configure:13036: checking for library containing dlopen
configure:13067: gcc -o conftest -g -O2   conftest.c  >&5
/tmp/ccY0rMbs.o: In function `main':
/home/inddaia/openocd/openocd-0.12.0-rc3/conftest.c:36: undefined reference to `dlopen'
collect2: error: ld returned 1 exit status
configure:13067: $? = 1
configure: failed program was:
| /* confdefs.h */
| #define PACKAGE_NAME "openocd"
| #define PACKAGE_TARNAME "openocd"
| #define PACKAGE_VERSION "0.12.0-rc3"
| #define PACKAGE_STRING "openocd 0.12.0-rc3"
| #define PACKAGE_BUGREPORT "OpenOCD Mailing List <openocd-devel@lists.sourceforge.net>"
| #define PACKAGE_URL ""
| #define PACKAGE "openocd"
| #define VERSION "0.12.0-rc3"
| #define STDC_HEADERS 1
| #define HAVE_SYS_TYPES_H 1
| #define HAVE_SYS_STAT_H 1
| #define HAVE_STDLIB_H 1
| #define HAVE_STRING_H 1
| #define HAVE_MEMORY_H 1
| #define HAVE_STRINGS_H 1
| #define HAVE_INTTYPES_H 1
| #define HAVE_STDINT_H 1
| #define HAVE_UNISTD_H 1
| #define HAVE_DLFCN_H 1
| #define LT_OBJDIR ".libs/"
| #define HAVE_UNSIGNED_LONG_LONG_INT 1
| #define HAVE_LONG_LONG_INT 1
| /* end confdefs.h.  */
| 
| /* Override any GCC internal prototype to avoid an error.
|    Use char because int might match the return type of a GCC
|    builtin and then its argument prototype would still apply.  */
| #ifdef __cplusplus
| extern "C"
| #endif
| char dlopen ();
| int
| main ()
| {
| return dlopen ();
|   ;
|   return 0;
| }
configure:13067: gcc -o conftest -g -O2   conftest.c -ldl   >&5
configure:13067: $? = 0
configure:13084: result: -ldl
configure:13092: checking for library containing openpty
configure:13123: gcc -o conftest -g -O2   conftest.c -ldl  >&5
/tmp/ccYo305h.o: In function `main':
/home/inddaia/openocd/openocd-0.12.0-rc3/conftest.c:36: undefined reference to `openpty'
collect2: error: ld returned 1 exit status
configure:13123: $? = 1
configure: failed program was:
| /* confdefs.h */
| #define PACKAGE_NAME "openocd"
| #define PACKAGE_TARNAME "openocd"
| #define PACKAGE_VERSION "0.12.0-rc3"
| #define PACKAGE_STRING "openocd 0.12.0-rc3"
| #define PACKAGE_BUGREPORT "OpenOCD Mailing List <openocd-devel@lists.sourceforge.net>"
| #define PACKAGE_URL ""
| #define PACKAGE "openocd"
| #define VERSION "0.12.0-rc3"
| #define STDC_HEADERS 1
| #define HAVE_SYS_TYPES_H 1
| #define HAVE_SYS_STAT_H 1
| #define HAVE_STDLIB_H 1
| #define HAVE_STRING_H 1
| #define HAVE_MEMORY_H 1
| #define HAVE_STRINGS_H 1
| #define HAVE_INTTYPES_H 1
| #define HAVE_STDINT_H 1
| #define HAVE_UNISTD_H 1
| #define HAVE_DLFCN_H 1
| #define LT_OBJDIR ".libs/"
| #define HAVE_UNSIGNED_LONG_LONG_INT 1
| #define HAVE_LONG_LONG_INT 1
| /* end confdefs.h.  */
| 
| /* Override any GCC internal prototype to avoid an error.
|    Use char because int might match the return type of a GCC
|    builtin and then its argument prototype would still apply.  */
| #ifdef __cplusplus
| extern "C"
| #endif
| char openpty ();
| int
| main ()
| {
| return openpty ();
|   ;
|   return 0;
| }
configure:13123: gcc -o conftest -g -O2   conftest.c -lutil  -ldl  >&5
configure:13123: $? = 0
configure:13140: result: -lutil
configure:13151: checking sys/socket.h usability
configure:13151: gcc -c -g -O2  conftest.c >&5
configure:13151: $? = 0
configure:13151: result: yes
configure:13151: checking sys/socket.h presence
configure:13151: gcc -E  conftest.c
configure:13151: $? = 0
configure:13151: result: yes
configure:13151: checking for sys/socket.h
configure:13151: result: yes
configure:13163: checking elf.h usability
configure:13163: gcc -c -g -O2  conftest.c >&5
configure:13163: $? = 0
configure:13163: result: yes
configure:13163: checking elf.h presence
configure:13163: gcc -E  conftest.c
configure:13163: $? = 0
configure:13163: result: yes
configure:13163: checking for elf.h
configure:13163: result: yes
configure:13190: checking fcntl.h usability
configure:13190: gcc -c -g -O2  conftest.c >&5
configure:13190: $? = 0
configure:13190: result: yes
configure:13190: checking fcntl.h presence
configure:13190: gcc -E  conftest.c
configure:13190: $? = 0
configure:13190: result: yes
configure:13190: checking for fcntl.h
configure:13190: result: yes
configure:13202: checking malloc.h usability
configure:13202: gcc -c -g -O2  conftest.c >&5
configure:13202: $? = 0
configure:13202: result: yes
configure:13202: checking malloc.h presence
configure:13202: gcc -E  conftest.c
configure:13202: $? = 0
configure:13202: result: yes
configure:13202: checking for malloc.h
configure:13202: result: yes
configure:13214: checking netdb.h usability
configure:13214: gcc -c -g -O2  conftest.c >&5
configure:13214: $? = 0
configure:13214: result: yes
configure:13214: checking netdb.h presence
configure:13214: gcc -E  conftest.c
configure:13214: $? = 0
configure:13214: result: yes
configure:13214: checking for netdb.h
configure:13214: result: yes
configure:13226: checking poll.h usability
configure:13226: gcc -c -g -O2  conftest.c >&5
configure:13226: $? = 0
configure:13226: result: yes
configure:13226: checking poll.h presence
configure:13226: gcc -E  conftest.c
configure:13226: $? = 0
configure:13226: result: yes
configure:13226: checking for poll.h
configure:13226: result: yes
configure:13238: checking for strings.h
configure:13238: result: yes
configure:13250: checking sys/ioctl.h usability
configure:13250: gcc -c -g -O2  conftest.c >&5
configure:13250: $? = 0
configure:13250: result: yes
configure:13250: checking sys/ioctl.h presence
configure:13250: gcc -E  conftest.c
configure:13250: $? = 0
configure:13250: result: yes
configure:13250: checking for sys/ioctl.h
configure:13250: result: yes
configure:13262: checking sys/param.h usability
configure:13262: gcc -c -g -O2  conftest.c >&5
configure:13262: $? = 0
configure:13262: result: yes
configure:13262: checking sys/param.h presence
configure:13262: gcc -E  conftest.c
configure:13262: $? = 0
configure:13262: result: yes
configure:13262: checking for sys/param.h
configure:13262: result: yes
configure:13274: checking sys/select.h usability
configure:13274: gcc -c -g -O2  conftest.c >&5
configure:13274: $? = 0
configure:13274: result: yes
configure:13274: checking sys/select.h presence
configure:13274: gcc -E  conftest.c
configure:13274: $? = 0
configure:13274: result: yes
configure:13274: checking for sys/select.h
configure:13274: result: yes
configure:13286: checking for sys/stat.h
configure:13286: result: yes
configure:13298: checking sys/sysctl.h usability
configure:13298: gcc -c -g -O2  conftest.c >&5
configure:13298: $? = 0
configure:13298: result: yes
configure:13298: checking sys/sysctl.h presence
configure:13298: gcc -E  conftest.c
configure:13298: $? = 0
configure:13298: result: yes
configure:13298: checking for sys/sysctl.h
configure:13298: result: yes
configure:13310: checking sys/time.h usability
configure:13310: gcc -c -g -O2  conftest.c >&5
configure:13310: $? = 0
configure:13310: result: yes
configure:13310: checking sys/time.h presence
configure:13310: gcc -E  conftest.c
configure:13310: $? = 0
configure:13310: result: yes
configure:13310: checking for sys/time.h
configure:13310: result: yes
configure:13322: checking for sys/types.h
configure:13322: result: yes
configure:13334: checking for unistd.h
configure:13334: result: yes
configure:13347: checking for arpa/inet.h
configure:13347: gcc -c -g -O2  conftest.c >&5
configure:13347: $? = 0
configure:13347: result: yes
configure:13347: checking for netinet/in.h
configure:13347: gcc -c -g -O2  conftest.c >&5
configure:13347: $? = 0
configure:13347: result: yes
configure:13347: checking for netinet/tcp.h
configure:13347: gcc -c -g -O2  conftest.c >&5
configure:13347: $? = 0
configure:13347: result: yes
configure:13372: checking whether to enable assertions
configure:13390: result: yes
configure:13393: checking for stdbool.h that conforms to C99
configure:13460: gcc -c -g -O2  conftest.c >&5
configure:13460: $? = 0
configure:13467: result: yes
configure:13469: checking for _Bool
configure:13469: gcc -c -g -O2  conftest.c >&5
configure:13469: $? = 0
configure:13469: gcc -c -g -O2  conftest.c >&5
conftest.c: In function 'main':
conftest.c:80:20: error: expected expression before ')' token
 if (sizeof ((_Bool)))
                    ^
configure:13469: $? = 1
configure: failed program was:
| /* confdefs.h */
| #define PACKAGE_NAME "openocd"
| #define PACKAGE_TARNAME "openocd"
| #define PACKAGE_VERSION "0.12.0-rc3"
| #define PACKAGE_STRING "openocd 0.12.0-rc3"
| #define PACKAGE_BUGREPORT "OpenOCD Mailing List <openocd-devel@lists.sourceforge.net>"
| #define PACKAGE_URL ""
| #define PACKAGE "openocd"
| #define VERSION "0.12.0-rc3"
| #define STDC_HEADERS 1
| #define HAVE_SYS_TYPES_H 1
| #define HAVE_SYS_STAT_H 1
| #define HAVE_STDLIB_H 1
| #define HAVE_STRING_H 1
| #define HAVE_MEMORY_H 1
| #define HAVE_STRINGS_H 1
| #define HAVE_INTTYPES_H 1
| #define HAVE_STDINT_H 1
| #define HAVE_UNISTD_H 1
| #define HAVE_DLFCN_H 1
| #define LT_OBJDIR ".libs/"
| #define HAVE_UNSIGNED_LONG_LONG_INT 1
| #define HAVE_LONG_LONG_INT 1
| #define HAVE_SYS_SOCKET_H 1
| #define HAVE_ELF_H 1
| #define HAVE_ELF64 1
| #define HAVE_FCNTL_H 1
| #define HAVE_MALLOC_H 1
| #define HAVE_NETDB_H 1
| #define HAVE_POLL_H 1
| #define HAVE_STRINGS_H 1
| #define HAVE_SYS_IOCTL_H 1
| #define HAVE_SYS_PARAM_H 1
| #define HAVE_SYS_SELECT_H 1
| #define HAVE_SYS_STAT_H 1
| #define HAVE_SYS_SYSCTL_H 1
| #define HAVE_SYS_TIME_H 1
| #define HAVE_SYS_TYPES_H 1
| #define HAVE_UNISTD_H 1
| #define HAVE_ARPA_INET_H 1
| #define HAVE_NETINET_IN_H 1
| #define HAVE_NETINET_TCP_H 1
| /* end confdefs.h.  */
| #include <stdio.h>
| #ifdef HAVE_SYS_TYPES_H
| # include <sys/types.h>
| #endif
| #ifdef HAVE_SYS_STAT_H
| # include <sys/stat.h>
| #endif
| #ifdef STDC_HEADERS
| # include <stdlib.h>
| # include <stddef.h>
| #else
| # ifdef HAVE_STDLIB_H
| #  include <stdlib.h>
| # endif
| #endif
| #ifdef HAVE_STRING_H
| # if !defined STDC_HEADERS && defined HAVE_MEMORY_H
| #  include <memory.h>
| # endif
| # include <string.h>
| #endif
| #ifdef HAVE_STRINGS_H
| # include <strings.h>
| #endif
| #ifdef HAVE_INTTYPES_H
| # include <inttypes.h>
| #endif
| #ifdef HAVE_STDINT_H
| # include <stdint.h>
| #endif
| #ifdef HAVE_UNISTD_H
| # include <unistd.h>
| #endif
| int
| main ()
| {
| if (sizeof ((_Bool)))
| 	    return 0;
|   ;
|   return 0;
| }
configure:13469: result: yes
configure:13487: checking whether byte ordering is bigendian
configure:13502: gcc -c -g -O2  conftest.c >&5
conftest.c:47:9: error: unknown type name 'not'
         not a universal capable compiler
         ^~~
conftest.c:47:15: error: expected '=', ',', ';', 'asm' or '__attribute__' before 'universal'
         not a universal capable compiler
               ^~~~~~~~~
conftest.c:47:15: error: unknown type name 'universal'
configure:13502: $? = 1
configure: failed program was:
| /* confdefs.h */
| #define PACKAGE_NAME "openocd"
| #define PACKAGE_TARNAME "openocd"
| #define PACKAGE_VERSION "0.12.0-rc3"
| #define PACKAGE_STRING "openocd 0.12.0-rc3"
| #define PACKAGE_BUGREPORT "OpenOCD Mailing List <openocd-devel@lists.sourceforge.net>"
| #define PACKAGE_URL ""
| #define PACKAGE "openocd"
| #define VERSION "0.12.0-rc3"
| #define STDC_HEADERS 1
| #define HAVE_SYS_TYPES_H 1
| #define HAVE_SYS_STAT_H 1
| #define HAVE_STDLIB_H 1
| #define HAVE_STRING_H 1
| #define HAVE_MEMORY_H 1
| #define HAVE_STRINGS_H 1
| #define HAVE_INTTYPES_H 1
| #define HAVE_STDINT_H 1
| #define HAVE_UNISTD_H 1
| #define HAVE_DLFCN_H 1
| #define LT_OBJDIR ".libs/"
| #define HAVE_UNSIGNED_LONG_LONG_INT 1
| #define HAVE_LONG_LONG_INT 1
| #define HAVE_SYS_SOCKET_H 1
| #define HAVE_ELF_H 1
| #define HAVE_ELF64 1
| #define HAVE_FCNTL_H 1
| #define HAVE_MALLOC_H 1
| #define HAVE_NETDB_H 1
| #define HAVE_POLL_H 1
| #define HAVE_STRINGS_H 1
| #define HAVE_SYS_IOCTL_H 1
| #define HAVE_SYS_PARAM_H 1
| #define HAVE_SYS_SELECT_H 1
| #define HAVE_SYS_STAT_H 1
| #define HAVE_SYS_SYSCTL_H 1
| #define HAVE_SYS_TIME_H 1
| #define HAVE_SYS_TYPES_H 1
| #define HAVE_UNISTD_H 1
| #define HAVE_ARPA_INET_H 1
| #define HAVE_NETINET_IN_H 1
| #define HAVE_NETINET_TCP_H 1
| #define HAVE__BOOL 1
| #define HAVE_STDBOOL_H 1
| /* end confdefs.h.  */
| #ifndef __APPLE_CC__
| 	       not a universal capable compiler
| 	     #endif
| 	     typedef int dummy;
| 
configure:13547: gcc -c -g -O2  conftest.c >&5
configure:13547: $? = 0
configure:13565: gcc -c -g -O2  conftest.c >&5
conftest.c: In function 'main':
conftest.c:53:4: error: unknown type name 'not'; did you mean 'ino_t'?
    not big endian
    ^~~
    ino_t
conftest.c:53:12: error: expected '=', ',', ';', 'asm' or '__attribute__' before 'endian'
    not big endian
            ^~~~~~
configure:13565: $? = 1
configure: failed program was:
| /* confdefs.h */
| #define PACKAGE_NAME "openocd"
| #define PACKAGE_TARNAME "openocd"
| #define PACKAGE_VERSION "0.12.0-rc3"
| #define PACKAGE_STRING "openocd 0.12.0-rc3"
| #define PACKAGE_BUGREPORT "OpenOCD Mailing List <openocd-devel@lists.sourceforge.net>"
| #define PACKAGE_URL ""
| #define PACKAGE "openocd"
| #define VERSION "0.12.0-rc3"
| #define STDC_HEADERS 1
| #define HAVE_SYS_TYPES_H 1
| #define HAVE_SYS_STAT_H 1
| #define HAVE_STDLIB_H 1
| #define HAVE_STRING_H 1
| #define HAVE_MEMORY_H 1
| #define HAVE_STRINGS_H 1
| #define HAVE_INTTYPES_H 1
| #define HAVE_STDINT_H 1
| #define HAVE_UNISTD_H 1
| #define HAVE_DLFCN_H 1
| #define LT_OBJDIR ".libs/"
| #define HAVE_UNSIGNED_LONG_LONG_INT 1
| #define HAVE_LONG_LONG_INT 1
| #define HAVE_SYS_SOCKET_H 1
| #define HAVE_ELF_H 1
| #define HAVE_ELF64 1
| #define HAVE_FCNTL_H 1
| #define HAVE_MALLOC_H 1
| #define HAVE_NETDB_H 1
| #define HAVE_POLL_H 1
| #define HAVE_STRINGS_H 1
| #define HAVE_SYS_IOCTL_H 1
| #define HAVE_SYS_PARAM_H 1
| #define HAVE_SYS_SELECT_H 1
| #define HAVE_SYS_STAT_H 1
| #define HAVE_SYS_SYSCTL_H 1
| #define HAVE_SYS_TIME_H 1
| #define HAVE_SYS_TYPES_H 1
| #define HAVE_UNISTD_H 1
| #define HAVE_ARPA_INET_H 1
| #define HAVE_NETINET_IN_H 1
| #define HAVE_NETINET_TCP_H 1
| #define HAVE__BOOL 1
| #define HAVE_STDBOOL_H 1
| /* end confdefs.h.  */
| #include <sys/types.h>
| 		#include <sys/param.h>
| 
| int
| main ()
| {
| #if BYTE_ORDER != BIG_ENDIAN
| 		 not big endian
| 		#endif
| 
|   ;
|   return 0;
| }
configure:13693: result: no
configure:13714: checking for strndup
configure:13714: gcc -o conftest -g -O2   conftest.c -lutil -ldl  >&5
conftest.c:69:6: warning: conflicting types for built-in function 'strndup' [-Wbuiltin-declaration-mismatch]
 char strndup ();
      ^~~~~~~
configure:13714: $? = 0
configure:13714: result: yes
configure:13725: checking for strnlen
configure:13725: gcc -o conftest -g -O2   conftest.c -lutil -ldl  >&5
configure:13725: $? = 0
configure:13725: result: yes
configure:13736: checking for gettimeofday
configure:13736: gcc -o conftest -g -O2   conftest.c -lutil -ldl  >&5
configure:13736: $? = 0
configure:13736: result: yes
configure:13747: checking for usleep
configure:13747: gcc -o conftest -g -O2   conftest.c -lutil -ldl  >&5
configure:13747: $? = 0
configure:13747: result: yes
configure:13758: checking for realpath
configure:13758: gcc -o conftest -g -O2   conftest.c -lutil -ldl  >&5
configure:13758: $? = 0
configure:13758: result: yes
configure:13769: checking whether to build a release
configure:13780: result: yes
configure:13823: checking whether to build Doxygen as HTML
configure:13825: result: yes
configure:13836: checking whether to build Doxygen as PDF
configure:13838: result: no
configure:13890: checking whether to enable verbose USB I/O messages
configure:13892: result: no
configure:13902: checking whether to enable verbose USB communication messages
configure:13904: result: no
configure:13921: checking whether to enable malloc free space logging
configure:13923: result: yes
configure:14452: WARNING: --enable-parport-giveio cannot be used by x86_64-pc-linux-gnu hosts
configure:14826: checking for LIBUSB1
configure:14833: $PKG_CONFIG --exists --print-errors "libusb-1.0"
configure:14836: $? = 0
configure:14850: $PKG_CONFIG --exists --print-errors "libusb-1.0"
configure:14853: $? = 0
configure:14899: result: yes
configure:14907: libusb-1.0 header bug workaround: LIBUSB1_CFLAGS changed to "-isystem /usr/include/libusb-1.0"
configure:14910: $PKG_CONFIG --exists --print-errors "libusb-1.0 >= 1.0.16"
configure:14913: $? = 0
configure:14939: checking for CAPSTONE
configure:14946: $PKG_CONFIG --exists --print-errors "capstone"
Package capstone was not found in the pkg-config search path.
Perhaps you should add the directory containing `capstone.pc'
to the PKG_CONFIG_PATH environment variable
Package 'capstone', required by 'virtual:world', not found
configure:14949: $? = 1
configure:14963: $PKG_CONFIG --exists --print-errors "capstone"
Package capstone was not found in the pkg-config search path.
Perhaps you should add the directory containing `capstone.pc'
to the PKG_CONFIG_PATH environment variable
Package 'capstone', required by 'virtual:world', not found
configure:14966: $? = 1
configure:14980: result: no
Package 'capstone', required by 'virtual:world', not found
configure:15036: checking for HIDAPI
configure:15043: $PKG_CONFIG --exists --print-errors "$hidapi_lib"
Package hidapi was not found in the pkg-config search path.
Perhaps you should add the directory containing `hidapi.pc'
to the PKG_CONFIG_PATH environment variable
Package 'hidapi', required by 'virtual:world', not found
configure:15046: $? = 1
configure:15060: $PKG_CONFIG --exists --print-errors "$hidapi_lib"
Package hidapi was not found in the pkg-config search path.
Perhaps you should add the directory containing `hidapi.pc'
to the PKG_CONFIG_PATH environment variable
Package 'hidapi', required by 'virtual:world', not found
configure:15063: $? = 1
configure:15077: result: no
Package 'hidapi', required by 'virtual:world', not found
configure:15036: checking for HIDAPI
configure:15043: $PKG_CONFIG --exists --print-errors "$hidapi_lib"
configure:15046: $? = 0
configure:15060: $PKG_CONFIG --exists --print-errors "$hidapi_lib"
configure:15063: $? = 0
configure:15105: result: yes
configure:15116: checking for LIBFTDI
configure:15123: $PKG_CONFIG --exists --print-errors "libftdi1"
configure:15126: $? = 0
configure:15140: $PKG_CONFIG --exists --print-errors "libftdi1"
configure:15143: $? = 0
configure:15325: result: yes
configure:15330: $PKG_CONFIG --exists --print-errors "libftdi1 >= 1.5"
Package dependency requirement 'libftdi1 >= 1.5' could not be satisfied.
Package 'libftdi1' has version '1.4', required version is '>= 1.5'
configure:15333: $? = 1
configure:15344: checking for LIBGPIOD
configure:15351: $PKG_CONFIG --exists --print-errors "libgpiod"
Package libgpiod was not found in the pkg-config search path.
Perhaps you should add the directory containing `libgpiod.pc'
to the PKG_CONFIG_PATH environment variable
Package 'libgpiod', required by 'virtual:world', not found
configure:15354: $? = 1
configure:15368: $PKG_CONFIG --exists --print-errors "libgpiod"
Package libgpiod was not found in the pkg-config search path.
Perhaps you should add the directory containing `libgpiod.pc'
to the PKG_CONFIG_PATH environment variable
Package 'libgpiod', required by 'virtual:world', not found
configure:15371: $? = 1
configure:15385: result: no
Package 'libgpiod', required by 'virtual:world', not found
configure:15416: checking for LIBJAYLINK
configure:15423: $PKG_CONFIG --exists --print-errors "libjaylink >= 0.2"
Package libjaylink was not found in the pkg-config search path.
Perhaps you should add the directory containing `libjaylink.pc'
to the PKG_CONFIG_PATH environment variable
Package 'libjaylink', required by 'virtual:world', not found
configure:15426: $? = 1
configure:15440: $PKG_CONFIG --exists --print-errors "libjaylink >= 0.2"
Package libjaylink was not found in the pkg-config search path.
Perhaps you should add the directory containing `libjaylink.pc'
to the PKG_CONFIG_PATH environment variable
Package 'libjaylink', required by 'virtual:world', not found
configure:15443: $? = 1
configure:15457: result: no
Package 'libjaylink', required by 'virtual:world', not found
configure:16798: checking for environ in unistd.h and stdlib.h
configure:16816: gcc -c -g -O2  conftest.c >&5
configure:16816: $? = 0
configure:16818: result: yes
configure:17017: checking that generated files are newer than configure
configure:17023: result: done
configure:17299: creating ./config.status

## ---------------------- ##
## Running config.status. ##
## ---------------------- ##

This file was extended by openocd config.status 0.12.0-rc3, which was
generated by GNU Autoconf 2.69.  Invocation command line was

  CONFIG_FILES    = 
  CONFIG_HEADERS  = 
  CONFIG_LINKS    = 
  CONFIG_COMMANDS = 
  $ ./config.status 

on daiabox.localdomain

config.status:1305: creating Makefile
config.status:1305: creating config.h
config.status:1486: config.h is unchanged
config.status:1534: executing depfiles commands
config.status:1611: cd .       && sed -e '/# am--include-marker/d' Makefile         | make -f - am--depfiles
make: Nothing to be done for 'am--depfiles'.
config.status:1616: $? = 0
config.status:1534: executing libtool commands
configure:19509: === configuring in jimtcl (/home/inddaia/openocd/openocd-0.12.0-rc3/jimtcl)
configure:19572: running /bin/sh ./configure.gnu --disable-option-checking '--prefix=/usr/local'  '--enable-malloc-logging' '--enable-dummy' '--enable-rshim' '--enable-ftdi' '--enable-stlink' '--enable-ti-icdi' '--enable-ulink' '--enable-usb-blaster-2' '--enable-ft232r' '--enable-vsllink' '--enable-xds110' '--enable-cmsis-dap-v2' '--enable-osbdm' '--enable-opendous' '--enable-armjtagew' '--enable-rlink' '--enable-usbprog' '--enable-esp-usb-jtag' '--enable-cmsis-dap' '--enable-nulink' '--enable-kitprog' '--enable-usb-blaster' '--enable-presto' '--enable-openjtag' '--enable-buspirate' '--enable-jlink' '--enable-aice' '--enable-parport' '--enable-parport-ppdev' '--enable-parport-giveio' '--enable-jtag_vpi' '--enable-vdebug' '--enable-jtag_dpi' '--enable-amtjtagaccel' '--enable-bcm2835gpio' '--enable-imx_gpio' '--enable-am335xgpio' '--enable-ep93xx' '--enable-at91rm9200' '--enable-gw16012' '--enable-sysfsgpio' '--enable-xlnx-pcie-xvc' '--enable-internal-jimtcl' '--enable-jimtcl-maintainer' '--enable-internal-libjaylink' '--enable-remote-bitbang' 'PKG_CONFIG_PATH=/usr/local/lib64/pkgconfig/:/usr/local/lib64/pkgconfig/::/usr/local/lib/pkgconfig:/usr/local/lib/pkgconfig' --cache-file=/dev/null --srcdir=.
configure:19509: === configuring in src/jtag/drivers/libjaylink (/home/inddaia/openocd/openocd-0.12.0-rc3/src/jtag/drivers/libjaylink)
configure:19572: running /bin/sh ./configure.gnu --disable-option-checking '--prefix=/usr/local'  '--enable-malloc-logging' '--enable-dummy' '--enable-rshim' '--enable-ftdi' '--enable-stlink' '--enable-ti-icdi' '--enable-ulink' '--enable-usb-blaster-2' '--enable-ft232r' '--enable-vsllink' '--enable-xds110' '--enable-cmsis-dap-v2' '--enable-osbdm' '--enable-opendous' '--enable-armjtagew' '--enable-rlink' '--enable-usbprog' '--enable-esp-usb-jtag' '--enable-cmsis-dap' '--enable-nulink' '--enable-kitprog' '--enable-usb-blaster' '--enable-presto' '--enable-openjtag' '--enable-buspirate' '--enable-jlink' '--enable-aice' '--enable-parport' '--enable-parport-ppdev' '--enable-parport-giveio' '--enable-jtag_vpi' '--enable-vdebug' '--enable-jtag_dpi' '--enable-amtjtagaccel' '--enable-bcm2835gpio' '--enable-imx_gpio' '--enable-am335xgpio' '--enable-ep93xx' '--enable-at91rm9200' '--enable-gw16012' '--enable-sysfsgpio' '--enable-xlnx-pcie-xvc' '--enable-internal-jimtcl' '--enable-jimtcl-maintainer' '--enable-internal-libjaylink' '--enable-remote-bitbang' 'PKG_CONFIG_PATH=/usr/local/lib64/pkgconfig/:/usr/local/lib64/pkgconfig/::/usr/local/lib/pkgconfig:/usr/local/lib/pkgconfig' --cache-file=/dev/null --srcdir=.

## ---------------- ##
## Cache variables. ##
## ---------------- ##

ac_cv_build=x86_64-pc-linux-gnu
ac_cv_c_bigendian=no
ac_cv_c_compiler_gnu=yes
ac_cv_c_const=yes
ac_cv_env_CAPSTONE_CFLAGS_set=
ac_cv_env_CAPSTONE_CFLAGS_value=
ac_cv_env_CAPSTONE_LIBS_set=
ac_cv_env_CAPSTONE_LIBS_value=
ac_cv_env_CC_set=
ac_cv_env_CC_value=
ac_cv_env_CFLAGS_set=
ac_cv_env_CFLAGS_value=
ac_cv_env_CPPFLAGS_set=
ac_cv_env_CPPFLAGS_value=
ac_cv_env_CPP_set=
ac_cv_env_CPP_value=
ac_cv_env_HIDAPI_CFLAGS_set=
ac_cv_env_HIDAPI_CFLAGS_value=
ac_cv_env_HIDAPI_LIBS_set=
ac_cv_env_HIDAPI_LIBS_value=
ac_cv_env_LDFLAGS_set=
ac_cv_env_LDFLAGS_value=
ac_cv_env_LIBFTDI_CFLAGS_set=
ac_cv_env_LIBFTDI_CFLAGS_value=
ac_cv_env_LIBFTDI_LIBS_set=
ac_cv_env_LIBFTDI_LIBS_value=
ac_cv_env_LIBGPIOD_CFLAGS_set=
ac_cv_env_LIBGPIOD_CFLAGS_value=
ac_cv_env_LIBGPIOD_LIBS_set=
ac_cv_env_LIBGPIOD_LIBS_value=
ac_cv_env_LIBJAYLINK_CFLAGS_set=
ac_cv_env_LIBJAYLINK_CFLAGS_value=
ac_cv_env_LIBJAYLINK_LIBS_set=
ac_cv_env_LIBJAYLINK_LIBS_value=
ac_cv_env_LIBS_set=
ac_cv_env_LIBS_value=
ac_cv_env_LIBUSB1_CFLAGS_set=
ac_cv_env_LIBUSB1_CFLAGS_value=
ac_cv_env_LIBUSB1_LIBS_set=
ac_cv_env_LIBUSB1_LIBS_value=
ac_cv_env_LT_SYS_LIBRARY_PATH_set=
ac_cv_env_LT_SYS_LIBRARY_PATH_value=
ac_cv_env_PKG_CONFIG_LIBDIR_set=
ac_cv_env_PKG_CONFIG_LIBDIR_value=
ac_cv_env_PKG_CONFIG_PATH_set=set
ac_cv_env_PKG_CONFIG_PATH_value=/usr/local/lib64/pkgconfig/:/usr/local/lib64/pkgconfig/::/usr/local/lib/pkgconfig:/usr/local/lib/pkgconfig
ac_cv_env_PKG_CONFIG_set=
ac_cv_env_PKG_CONFIG_value=
ac_cv_env_build_alias_set=
ac_cv_env_build_alias_value=
ac_cv_env_host_alias_set=
ac_cv_env_host_alias_value=
ac_cv_env_target_alias_set=
ac_cv_env_target_alias_value=
ac_cv_func_gettimeofday=yes
ac_cv_func_realpath=yes
ac_cv_func_strndup=yes
ac_cv_func_strnlen=yes
ac_cv_func_usleep=yes
ac_cv_header_arpa_inet_h=yes
ac_cv_header_dlfcn_h=yes
ac_cv_header_elf_h=yes
ac_cv_header_fcntl_h=yes
ac_cv_header_inttypes_h=yes
ac_cv_header_malloc_h=yes
ac_cv_header_memory_h=yes
ac_cv_header_netdb_h=yes
ac_cv_header_netinet_in_h=yes
ac_cv_header_netinet_tcp_h=yes
ac_cv_header_poll_h=yes
ac_cv_header_stdbool_h=yes
ac_cv_header_stdc=yes
ac_cv_header_stdint_h=yes
ac_cv_header_stdlib_h=yes
ac_cv_header_string_h=yes
ac_cv_header_strings_h=yes
ac_cv_header_sys_ioctl_h=yes
ac_cv_header_sys_param_h=yes
ac_cv_header_sys_select_h=yes
ac_cv_header_sys_socket_h=yes
ac_cv_header_sys_stat_h=yes
ac_cv_header_sys_sysctl_h=yes
ac_cv_header_sys_time_h=yes
ac_cv_header_sys_types_h=yes
ac_cv_header_unistd_h=yes
ac_cv_host=x86_64-pc-linux-gnu
ac_cv_objext=o
ac_cv_path_EGREP='/usr/bin/grep -E'
ac_cv_path_FGREP='/usr/bin/grep -F'
ac_cv_path_GREP=/usr/bin/grep
ac_cv_path_SED=/usr/bin/sed
ac_cv_path_ac_pt_PKG_CONFIG=/usr/bin/pkg-config
ac_cv_path_install='/usr/bin/install -c'
ac_cv_path_lt_DD=/usr/bin/dd
ac_cv_path_mkdir=/usr/bin/mkdir
ac_cv_prog_AWK=gawk
ac_cv_prog_CPP='gcc -E'
ac_cv_prog_MAKEINFO=makeinfo
ac_cv_prog_ac_ct_AR=ar
ac_cv_prog_ac_ct_CC=gcc
ac_cv_prog_ac_ct_OBJDUMP=objdump
ac_cv_prog_ac_ct_RANLIB=ranlib
ac_cv_prog_ac_ct_STRIP=strip
ac_cv_prog_cc_c89=
ac_cv_prog_cc_c99=
ac_cv_prog_cc_g=yes
ac_cv_prog_make_make_set=yes
ac_cv_search_dlopen=-ldl
ac_cv_search_ioperm='none required'
ac_cv_search_openpty=-lutil
ac_cv_type__Bool=yes
ac_cv_type_long_long_int=yes
ac_cv_type_unsigned_long_long_int=yes
am_cv_CC_dependencies_compiler_type=gcc3
am_cv_make_support_nested_variables=yes
am_cv_prog_cc_c_o=yes
lt_cv_ar_at_file=@
lt_cv_deplibs_check_method=pass_all
lt_cv_file_magic_cmd='$MAGIC_CMD'
lt_cv_file_magic_test_file=
lt_cv_ld_reload_flag=-r
lt_cv_nm_interface='BSD nm'
lt_cv_objdir=.libs
lt_cv_path_LD=/usr/bin/ld
lt_cv_path_NM='/usr/bin/nm -B'
lt_cv_path_mainfest_tool=no
lt_cv_prog_compiler_c_o=yes
lt_cv_prog_compiler_pic='-fPIC -DPIC'
lt_cv_prog_compiler_pic_works=yes
lt_cv_prog_compiler_rtti_exceptions=no
lt_cv_prog_compiler_static_works=no
lt_cv_prog_gnu_ld=yes
lt_cv_sharedlib_from_linklib_cmd='printf %s\n'
lt_cv_shlibpath_overrides_runpath=no
lt_cv_sys_global_symbol_pipe='sed -n -e '\''s/^.*[	 ]\([ABCDGIRSTW][ABCDGIRSTW]*\)[	 ][	 ]*\([_A-Za-z][_A-Za-z0-9]*\)$/\1 \2 \2/p'\'' | sed '\''/ __gnu_lto/d'\'''
lt_cv_sys_global_symbol_to_c_name_address='sed -n -e '\''s/^: \(.*\) .*$/  {"\1", (void *) 0},/p'\'' -e '\''s/^[ABCDGIRSTW][ABCDGIRSTW]* .* \(.*\)$/  {"\1", (void *) \&\1},/p'\'''
lt_cv_sys_global_symbol_to_c_name_address_lib_prefix='sed -n -e '\''s/^: \(.*\) .*$/  {"\1", (void *) 0},/p'\'' -e '\''s/^[ABCDGIRSTW][ABCDGIRSTW]* .* \(lib.*\)$/  {"\1", (void *) \&\1},/p'\'' -e '\''s/^[ABCDGIRSTW][ABCDGIRSTW]* .* \(.*\)$/  {"lib\1", (void *) \&\1},/p'\'''
lt_cv_sys_global_symbol_to_cdecl='sed -n -e '\''s/^T .* \(.*\)$/extern int \1();/p'\'' -e '\''s/^[ABCDGIRSTW][ABCDGIRSTW]* .* \(.*\)$/extern char \1;/p'\'''
lt_cv_sys_global_symbol_to_import=
lt_cv_sys_max_cmd_len=1572864
lt_cv_to_host_file_cmd=func_convert_file_noop
lt_cv_to_tool_file_cmd=func_convert_file_noop
lt_cv_truncate_bin='/usr/bin/dd bs=4096 count=1'
pkg_cv_HIDAPI_CFLAGS='-I/usr/include/hidapi '
pkg_cv_HIDAPI_LIBS='-lhidapi-hidraw '
pkg_cv_LIBFTDI_CFLAGS='-I/usr/include/libftdi1 -I/usr/include/libusb-1.0 '
pkg_cv_LIBFTDI_LIBS='-lftdi1 -lusb-1.0 '
pkg_cv_LIBUSB1_CFLAGS='-I/usr/include/libusb-1.0 '
pkg_cv_LIBUSB1_LIBS='-lusb-1.0 '

## ----------------- ##
## Output variables. ##
## ----------------- ##

ACLOCAL='${SHELL} /home/inddaia/openocd/openocd-0.12.0-rc3/build-aux/missing aclocal-1.16'
AICE_FALSE='#'
AICE_TRUE=''
AM335XGPIO_FALSE=''
AM335XGPIO_TRUE='#'
AMDEPBACKSLASH='\'
AMDEP_FALSE='#'
AMDEP_TRUE=''
AMTAR='$${TAR-tar}'
AMTJTAGACCEL_FALSE='#'
AMTJTAGACCEL_TRUE=''
AM_BACKSLASH='\'
AM_DEFAULT_V='$(AM_DEFAULT_VERBOSITY)'
AM_DEFAULT_VERBOSITY='1'
AM_V='$(V)'
AR='ar'
ARMJTAGEW_FALSE='#'
ARMJTAGEW_TRUE=''
AT91RM9200_FALSE=''
AT91RM9200_TRUE='#'
AUTOCONF='${SHELL} /home/inddaia/openocd/openocd-0.12.0-rc3/build-aux/missing autoconf'
AUTOHEADER='${SHELL} /home/inddaia/openocd/openocd-0.12.0-rc3/build-aux/missing autoheader'
AUTOMAKE='${SHELL} /home/inddaia/openocd/openocd-0.12.0-rc3/build-aux/missing automake-1.16'
AWK='gawk'
BCM2835GPIO_FALSE=''
BCM2835GPIO_TRUE='#'
BITBANG_FALSE='#'
BITBANG_TRUE=''
BITQ_FALSE='#'
BITQ_TRUE=''
BUSPIRATE_FALSE='#'
BUSPIRATE_TRUE=''
CAPSTONE_CFLAGS=''
CAPSTONE_LIBS=''
CC='gcc'
CCDEPMODE='depmode=gcc3'
CFLAGS='-g -O2'
CMSIS_DAP_HID_FALSE='#'
CMSIS_DAP_HID_TRUE=''
CMSIS_DAP_USB_FALSE='#'
CMSIS_DAP_USB_TRUE=''
CPP='gcc -E'
CPPFLAGS=''
CYGPATH_W='echo'
DEFS='-DHAVE_CONFIG_H'
DEPDIR='.deps'
DLLTOOL='false'
DSYMUTIL=''
DUMMY_FALSE='#'
DUMMY_TRUE=''
DUMPBIN=''
ECHO_C=''
ECHO_N='-n'
ECHO_T=''
EGREP='/usr/bin/grep -E'
EP93XX_FALSE=''
EP93XX_TRUE='#'
ESP_USB_JTAG_FALSE='#'
ESP_USB_JTAG_TRUE=''
EXEEXT=''
EXTRA_DIST_NEWS='./NEWS-0.10.0 ./NEWS-0.11.0 ./NEWS-0.2.0 ./NEWS-0.3.0 ./NEWS-0.4.0 ./NEWS-0.5.0 ./NEWS-0.6.0 ./NEWS-0.7.0 ./NEWS-0.8.0 ./NEWS-0.9.0'
FGREP='/usr/bin/grep -F'
FT232R_FALSE='#'
FT232R_TRUE=''
FTDI_FALSE='#'
FTDI_TRUE=''
GCC_WARNINGS='-Wall -Wstrict-prototypes -Wformat-security -Wshadow -Wextra -Wno-unused-parameter -Wbad-function-cast -Wcast-align -Wredundant-decls -Wpointer-arith -Wundef -Werror'
GIVEIO_FALSE=''
GIVEIO_TRUE='#'
GREP='/usr/bin/grep'
GW16012_FALSE='#'
GW16012_TRUE=''
HAVE_CAPSTONE_FALSE=''
HAVE_CAPSTONE_TRUE='#'
HIDAPI_CFLAGS='-I/usr/include/hidapi '
HIDAPI_LIBS='-lhidapi-hidraw '
HLADAPTER_FALSE='#'
HLADAPTER_ICDI_FALSE='#'
HLADAPTER_ICDI_TRUE=''
HLADAPTER_NULINK_FALSE='#'
HLADAPTER_NULINK_TRUE=''
HLADAPTER_STLINK_FALSE='#'
HLADAPTER_STLINK_TRUE=''
HLADAPTER_TRUE=''
HOST_CPPFLAGS=''
IMX_GPIO_FALSE=''
IMX_GPIO_TRUE='#'
INSTALL_DATA='${INSTALL} -m 644'
INSTALL_PROGRAM='${INSTALL}'
INSTALL_SCRIPT='${INSTALL}'
INSTALL_STRIP_PROGRAM='$(install_sh) -c -s'
INTERNAL_JIMTCL_FALSE='#'
INTERNAL_JIMTCL_TRUE=''
INTERNAL_LIBJAYLINK_FALSE='#'
INTERNAL_LIBJAYLINK_TRUE=''
IS_CYGWIN_FALSE=''
IS_CYGWIN_TRUE='#'
IS_DARWIN_FALSE=''
IS_DARWIN_TRUE='#'
IS_MINGW_FALSE=''
IS_MINGW_TRUE='#'
IS_WIN32_FALSE=''
IS_WIN32_TRUE='#'
JLINK_FALSE='#'
JLINK_TRUE=''
JTAG_DPI_FALSE='#'
JTAG_DPI_TRUE=''
JTAG_VPI_FALSE='#'
JTAG_VPI_TRUE=''
KITPROG_FALSE='#'
KITPROG_TRUE=''
LD='/usr/bin/ld -m elf_x86_64'
LDFLAGS=''
LIBFTDI_CFLAGS='-I/usr/include/libftdi1 -I/usr/include/libusb-1.0 '
LIBFTDI_LIBS='-lftdi1 -lusb-1.0 '
LIBGPIOD_CFLAGS=''
LIBGPIOD_LIBS=''
LIBJAYLINK_CFLAGS=''
LIBJAYLINK_LIBS=''
LIBOBJS=''
LIBS='-lutil -ldl '
LIBTOOL='$(SHELL) $(top_builddir)/libtool'
LIBTOOL_DEPS='build-aux/ltmain.sh'
LIBUSB1_CFLAGS='-isystem /usr/include/libusb-1.0'
LIBUSB1_LIBS='-lusb-1.0 '
LINUXGPIOD_FALSE=''
LINUXGPIOD_TRUE='#'
LIPO=''
LN_S='ln -s'
LTLIBOBJS=''
LT_SYS_LIBRARY_PATH=''
MAKEINFO='makeinfo'
MANIFEST_TOOL=':'
MKDIR_P='/usr/bin/mkdir -p'
NM='/usr/bin/nm -B'
NMEDIT=''
OBJDUMP='objdump'
OBJEXT='o'
OPENDOUS_FALSE='#'
OPENDOUS_TRUE=''
OPENJTAG_FALSE='#'
OPENJTAG_TRUE=''
OSBDM_FALSE='#'
OSBDM_TRUE=''
OTOOL64=''
OTOOL=''
PACKAGE='openocd'
PACKAGE_BUGREPORT='OpenOCD Mailing List <openocd-devel@lists.sourceforge.net>'
PACKAGE_NAME='openocd'
PACKAGE_STRING='openocd 0.12.0-rc3'
PACKAGE_TARNAME='openocd'
PACKAGE_URL=''
PACKAGE_VERSION='0.12.0-rc3'
PARPORT_FALSE='#'
PARPORT_TRUE=''
PATH_SEPARATOR=':'
PKG_CONFIG='/usr/bin/pkg-config'
PKG_CONFIG_LIBDIR=''
PKG_CONFIG_PATH='/usr/local/lib64/pkgconfig/:/usr/local/lib64/pkgconfig/::/usr/local/lib/pkgconfig:/usr/local/lib/pkgconfig'
PRESTO_FALSE='#'
PRESTO_TRUE=''
RANLIB='ranlib'
RELEASE_FALSE='#'
RELEASE_TRUE=''
REMOTE_BITBANG_FALSE='#'
REMOTE_BITBANG_TRUE=''
RLINK_FALSE='#'
RLINK_TRUE=''
RSHIM_FALSE='#'
RSHIM_TRUE=''
SED='/usr/bin/sed'
SET_MAKE=''
SHELL='/bin/sh'
STRIP='strip'
SYSFSGPIO_FALSE='#'
SYSFSGPIO_TRUE=''
ULINK_FALSE='#'
ULINK_TRUE=''
USBPROG_FALSE='#'
USBPROG_TRUE=''
USB_BLASTER_2_FALSE='#'
USB_BLASTER_2_TRUE=''
USB_BLASTER_DRIVER_FALSE='#'
USB_BLASTER_DRIVER_TRUE=''
USB_BLASTER_FALSE='#'
USB_BLASTER_TRUE=''
USE_HIDAPI_FALSE='#'
USE_HIDAPI_TRUE=''
USE_LIBFTDI_FALSE='#'
USE_LIBFTDI_TRUE=''
USE_LIBGPIOD_FALSE=''
USE_LIBGPIOD_TRUE='#'
USE_LIBJAYLINK_FALSE=''
USE_LIBJAYLINK_TRUE='#'
USE_LIBUSB1_FALSE='#'
USE_LIBUSB1_TRUE=''
VDEBUG_FALSE='#'
VDEBUG_TRUE=''
VERSION='0.12.0-rc3'
VSLLINK_FALSE='#'
VSLLINK_TRUE=''
XDS110_FALSE='#'
XDS110_TRUE=''
XLNX_PCIE_XVC_FALSE='#'
XLNX_PCIE_XVC_TRUE=''
ac_ct_AR='ar'
ac_ct_CC='gcc'
ac_ct_DUMPBIN=''
am__EXEEXT_FALSE=''
am__EXEEXT_TRUE='#'
am__fastdepCC_FALSE='#'
am__fastdepCC_TRUE=''
am__include='include'
am__isrc=''
am__leading_dot='.'
am__nodep='_no'
am__quote=''
am__tar='$${TAR-tar} chof - "$$tardir"'
am__untar='$${TAR-tar} xf -'
bindir='${exec_prefix}/bin'
build='x86_64-pc-linux-gnu'
build_alias=''
build_cpu='x86_64'
build_os='linux-gnu'
build_vendor='pc'
datadir='${datarootdir}'
datarootdir='${prefix}/share'
docdir='${datarootdir}/doc/${PACKAGE_TARNAME}'
doxygen_as_html='yes'
doxygen_as_pdf='no'
dvidir='${docdir}'
exec_prefix='${prefix}'
host='x86_64-pc-linux-gnu'
host_alias=''
host_cpu='x86_64'
host_os='linux-gnu'
host_vendor='pc'
htmldir='${docdir}'
includedir='${prefix}/include'
infodir='${datarootdir}/info'
install_sh='${SHELL} /home/inddaia/openocd/openocd-0.12.0-rc3/build-aux/install-sh'
libdir='${exec_prefix}/lib'
libexecdir='${exec_prefix}/libexec'
localedir='${datarootdir}/locale'
localstatedir='${prefix}/var'
mandir='${datarootdir}/man'
mkdir_p='$(MKDIR_P)'
oldincludedir='/usr/include'
pdfdir='${docdir}'
prefix='/usr/local'
program_transform_name='s,x,x,'
psdir='${docdir}'
sbindir='${exec_prefix}/sbin'
sharedstatedir='${prefix}/com'
subdirs=' jimtcl src/jtag/drivers/libjaylink'
sysconfdir='${prefix}/etc'
target_alias=''

## ----------- ##
## confdefs.h. ##
## ----------- ##

/* confdefs.h */
#define PACKAGE_NAME "openocd"
#define PACKAGE_TARNAME "openocd"
#define PACKAGE_VERSION "0.12.0-rc3"
#define PACKAGE_STRING "openocd 0.12.0-rc3"
#define PACKAGE_BUGREPORT "OpenOCD Mailing List <openocd-devel@lists.sourceforge.net>"
#define PACKAGE_URL ""
#define PACKAGE "openocd"
#define VERSION "0.12.0-rc3"
#define STDC_HEADERS 1
#define HAVE_SYS_TYPES_H 1
#define HAVE_SYS_STAT_H 1
#define HAVE_STDLIB_H 1
#define HAVE_STRING_H 1
#define HAVE_MEMORY_H 1
#define HAVE_STRINGS_H 1
#define HAVE_INTTYPES_H 1
#define HAVE_STDINT_H 1
#define HAVE_UNISTD_H 1
#define HAVE_DLFCN_H 1
#define LT_OBJDIR ".libs/"
#define HAVE_UNSIGNED_LONG_LONG_INT 1
#define HAVE_LONG_LONG_INT 1
#define HAVE_SYS_SOCKET_H 1
#define HAVE_ELF_H 1
#define HAVE_ELF64 1
#define HAVE_FCNTL_H 1
#define HAVE_MALLOC_H 1
#define HAVE_NETDB_H 1
#define HAVE_POLL_H 1
#define HAVE_STRINGS_H 1
#define HAVE_SYS_IOCTL_H 1
#define HAVE_SYS_PARAM_H 1
#define HAVE_SYS_SELECT_H 1
#define HAVE_SYS_STAT_H 1
#define HAVE_SYS_SYSCTL_H 1
#define HAVE_SYS_TIME_H 1
#define HAVE_SYS_TYPES_H 1
#define HAVE_UNISTD_H 1
#define HAVE_ARPA_INET_H 1
#define HAVE_NETINET_IN_H 1
#define HAVE_NETINET_TCP_H 1
#define HAVE__BOOL 1
#define HAVE_STDBOOL_H 1
#define HAVE_STRNDUP 1
#define HAVE_STRNLEN 1
#define HAVE_GETTIMEOFDAY 1
#define HAVE_USLEEP 1
#define HAVE_REALPATH 1
#define _DEBUG_FREE_SPACE_ 1
#define IS_CYGWIN 0
#define IS_MINGW 0
#define IS_WIN32 0
#define IS_DARWIN 0
#define BUILD_PARPORT 1
#define BUILD_RSHIM 1
#define BUILD_DUMMY 1
#define BUILD_EP93XX 0
#define BUILD_AT91RM9200 0
#define BUILD_BCM2835GPIO 0
#define BUILD_IMX_GPIO 0
#define BUILD_AM335XGPIO 0
#define PARPORT_USE_PPDEV 1
#define PARPORT_USE_GIVEIO 0
#define BUILD_JTAG_VPI 1
#define BUILD_VDEBUG 1
#define BUILD_JTAG_DPI 1
#define BUILD_AMTJTAGACCEL 1
#define BUILD_GW16012 1
#define BUILD_BUSPIRATE 1
#define BUILD_REMOTE_BITBANG 1
#define BUILD_SYSFSGPIO 1
#define BUILD_XLNX_PCIE_XVC 1
#define HAVE_LIBUSB1 1
#define HAVE_LIBUSB_GET_PORT_NUMBERS 1
#define HAVE_CAPSTONE 0
#define BUILD_FTDI 1
#define BUILD_HLADAPTER_STLINK 1
#define BUILD_HLADAPTER_ICDI 1
#define BUILD_ULINK 1
#define BUILD_USB_BLASTER_2 1
#define BUILD_FT232R 1
#define BUILD_VSLLINK 1
#define BUILD_XDS110 1
#define BUILD_CMSIS_DAP_USB 1
#define BUILD_OSBDM 1
#define BUILD_OPENDOUS 1
#define BUILD_ARMJTAGEW 1
#define BUILD_RLINK 1
#define BUILD_USBPROG 1
#define BUILD_ESP_USB_JTAG 1
#define BUILD_AICE 1
#define BUILD_CMSIS_DAP_HID 1
#define BUILD_HLADAPTER_NULINK 1
#define BUILD_KITPROG 1
#define BUILD_USB_BLASTER 1
#define BUILD_PRESTO 1
#define BUILD_OPENJTAG 1
#define BUILD_LINUXGPIOD 0
#define BUILD_JLINK 1
#define BUILD_HLADAPTER 1
#define _GNU_SOURCE 1

configure: exit 0

## ---------------------- ##
## Running config.status. ##
## ---------------------- ##

This file was extended by openocd config.status 0.12.0-rc3, which was
generated by GNU Autoconf 2.69.  Invocation command line was

  CONFIG_FILES    = 
  CONFIG_HEADERS  = 
  CONFIG_LINKS    = 
  CONFIG_COMMANDS = 
  $ ./config.status Makefile depfiles

on daiabox.localdomain

config.status:1305: creating Makefile
config.status:1534: executing depfiles commands
config.status:1611: cd .       && sed -e '/# am--include-marker/d' Makefile         | make -f - am--depfiles
make[1]: Entering directory '/home/inddaia/openocd/openocd-0.12.0-rc3'
make[1]: Nothing to be done for 'am--depfiles'.
make[1]: Leaving directory '/home/inddaia/openocd/openocd-0.12.0-rc3'
config.status:1616: $? = 0
