This file contains any messages produced by compilers while
running configure, to aid debugging if configure makes a mistake.

It was created by libjaylink configure 0.3.1, which was
generated by GNU Autoconf 2.69.  Invocation command line was

  $ /home/inddaia/openocd/openocd-0.12.0-rc3/src/jtag/drivers/libjaylink/configure --enable-subproject-build --disable-option-checking --prefix=/usr/local --enable-malloc-logging --enable-dummy --enable-rshim --enable-ftdi --enable-stlink --enable-ti-icdi --enable-ulink --enable-usb-blaster-2 --enable-ft232r --enable-vsllink --enable-xds110 --enable-cmsis-dap-v2 --enable-osbdm --enable-opendous --enable-armjtagew --enable-rlink --enable-usbprog --enable-esp-usb-jtag --enable-cmsis-dap --enable-nulink --enable-kitprog --enable-usb-blaster --enable-presto --enable-openjtag --enable-buspirate --enable-jlink --enable-aice --enable-parport --enable-parport-ppdev --enable-parport-giveio --enable-jtag_vpi --enable-vdebug --enable-jtag_dpi --enable-amtjtagaccel --enable-bcm2835gpio --enable-imx_gpio --enable-am335xgpio --enable-ep93xx --enable-at91rm9200 --enable-gw16012 --enable-sysfsgpio --enable-xlnx-pcie-xvc --enable-internal-jimtcl --enable-jimtcl-maintainer --enable-internal-libjaylink --enable-remote-bitbang PKG_CONFIG_PATH=/usr/local/lib64/pkgconfig/:/usr/local/lib64/pkgconfig/::/usr/local/lib/pkgconfig:/usr/local/lib/pkgconfig --cache-file=/dev/null --srcdir=.

## --------- ##
## Platform. ##
## --------- ##

hostname = daiabox.localdomain
uname -m = x86_64
uname -r = 5.13.6
uname -s = Linux
uname -v = #1 SMP PREEMPT Thu Jul 29 12:18:51 CEST 2021

/usr/bin/uname -p = x86_64
/bin/uname -X     = unknown

/bin/arch              = x86_64
/usr/bin/arch -k       = unknown
/usr/convex/getsysinfo = unknown
/usr/bin/hostinfo      = unknown
/bin/machine           = unknown
/usr/bin/oslevel       = unknown
/bin/universe          = unknown

PATH: /usr/local/bin
PATH: /usr/local/sbin
PATH: /sbin
PATH: /usr/sbin
PATH: /opt/bin
PATH: /home/inddaia/.local/bin
PATH: /home/inddaia/bin
PATH: /usr/local/bin
PATH: /usr/local/sbin
PATH: /sbin
PATH: /usr/sbin
PATH: /opt/bin
PATH: /home/inddaia/.local/bin
PATH: /home/inddaia/bin
PATH: /usr/condabin
PATH: /usr/local/bin
PATH: /usr/bin
PATH: /usr/local/sbin
PATH: /usr/sbin
PATH: /usr/local/bin
PATH: .
PATH: /home/opt/CodeSourcery/Sourcery_G++_Lite/bin/
PATH: /opt/glc/bin
PATH: /usr/local/aplac-student/bin
PATH: /usr/local/cuda/bin
PATH: .
PATH: /usr/local/bin
PATH: .
PATH: /home/opt/CodeSourcery/Sourcery_G++_Lite/bin/
PATH: /opt/glc/bin
PATH: /usr/local/aplac-student/bin
PATH: /usr/local/cuda/bin


## ----------- ##
## Core tests. ##
## ----------- ##

configure:2210: checking build system type
configure:2224: result: x86_64-pc-linux-gnu
configure:2244: checking host system type
configure:2257: result: x86_64-pc-linux-gnu
configure:2294: checking for a BSD-compatible install
configure:2362: result: /usr/bin/install -c
configure:2373: checking whether build environment is sane
configure:2428: result: yes
configure:2574: checking for a thread-safe mkdir -p
configure:2613: result: /usr/bin/mkdir -p
configure:2620: checking for gawk
configure:2636: found /usr/bin/gawk
configure:2647: result: gawk
configure:2658: checking whether make sets $(MAKE)
configure:2680: result: yes
configure:2709: checking whether make supports nested variables
configure:2726: result: yes
configure:2906: checking for gcc
configure:2922: found /usr/bin/gcc
configure:2933: result: gcc
configure:3162: checking for C compiler version
configure:3171: gcc --version >&5
gcc (GCC) 8.5.0 20210514 (Red Hat 8.5.0-4)
Copyright (C) 2018 Free Software Foundation, Inc.
This is free software; see the source for copying conditions.  There is NO
warranty; not even for MERCHANTABILITY or FITNESS FOR A PARTICULAR PURPOSE.

configure:3182: $? = 0
configure:3171: gcc -v >&5
Using built-in specs.
COLLECT_GCC=gcc
COLLECT_LTO_WRAPPER=/usr/libexec/gcc/x86_64-redhat-linux/8/lto-wrapper
OFFLOAD_TARGET_NAMES=nvptx-none
OFFLOAD_TARGET_DEFAULT=1
Target: x86_64-redhat-linux
Configured with: ../configure --enable-bootstrap --enable-languages=c,c++,fortran,lto --prefix=/usr --mandir=/usr/share/man --infodir=/usr/share/info --with-bugurl=http://bugzilla.redhat.com/bugzilla --enable-shared --enable-threads=posix --enable-checking=release --enable-multilib --with-system-zlib --enable-__cxa_atexit --disable-libunwind-exceptions --enable-gnu-unique-object --enable-linker-build-id --with-gcc-major-version-only --with-linker-hash-style=gnu --enable-plugin --enable-initfini-array --with-isl --disable-libmpx --enable-offload-targets=nvptx-none --without-cuda-driver --enable-gnu-indirect-function --enable-cet --with-tune=generic --with-arch_32=x86-64 --build=x86_64-redhat-linux
Thread model: posix
gcc version 8.5.0 20210514 (Red Hat 8.5.0-4) (GCC) 
configure:3182: $? = 0
configure:3171: gcc -V >&5
gcc: error: unrecognized command line option '-V'
gcc: fatal error: no input files
compilation terminated.
configure:3182: $? = 1
configure:3171: gcc -qversion >&5
gcc: error: unrecognized command line option '-qversion'; did you mean '--version'?
gcc: fatal error: no input files
compilation terminated.
configure:3182: $? = 1
configure:3202: checking whether the C compiler works
configure:3224: gcc    conftest.c  >&5
configure:3228: $? = 0
configure:3276: result: yes
configure:3279: checking for C compiler default output file name
configure:3281: result: a.out
configure:3287: checking for suffix of executables
configure:3294: gcc -o conftest    conftest.c  >&5
configure:3298: $? = 0
configure:3320: result: 
configure:3342: checking whether we are cross compiling
configure:3350: gcc -o conftest    conftest.c  >&5
configure:3354: $? = 0
configure:3361: ./conftest
configure:3365: $? = 0
configure:3380: result: no
configure:3385: checking for suffix of object files
configure:3407: gcc -c   conftest.c >&5
configure:3411: $? = 0
configure:3432: result: o
configure:3436: checking whether we are using the GNU C compiler
configure:3455: gcc -c   conftest.c >&5
configure:3455: $? = 0
configure:3464: result: yes
configure:3473: checking whether gcc accepts -g
configure:3493: gcc -c -g  conftest.c >&5
configure:3493: $? = 0
configure:3534: result: yes
configure:3551: checking for gcc option to accept ISO C89
configure:3614: gcc  -c -g -O2  conftest.c >&5
configure:3614: $? = 0
configure:3627: result: none needed
configure:3652: checking whether gcc understands -c and -o together
configure:3674: gcc -c conftest.c -o conftest2.o
configure:3677: $? = 0
configure:3674: gcc -c conftest.c -o conftest2.o
configure:3677: $? = 0
configure:3689: result: yes
configure:3709: checking whether make supports the include directive
configure:3724: make -f confmf.GNU && cat confinc.out
this is the am__doit target
configure:3727: $? = 0
configure:3746: result: yes (GNU style)
configure:3771: checking dependency style of gcc
configure:3882: result: gcc3
configure:3898: checking for gcc option to accept ISO C99
configure:4047: gcc  -c -g -O2  conftest.c >&5
configure:4047: $? = 0
configure:4060: result: none needed
configure:4129: checking for ar
configure:4145: found /usr/bin/ar
configure:4156: result: ar
configure:4182: checking the archiver (ar) interface
configure:4198: gcc -c -g -O2  conftest.c >&5
configure:4198: $? = 0
configure:4200: ar cru libconftest.a conftest.o >&5
ar: /usr/bin/../bin/../lib/bfd-plugins/LLVMgold.so: wrong ELF class: ELFCLASS32

configure:4203: $? = 0
configure:4231: result: ar
configure:4299: checking how to print strings
configure:4326: result: printf
configure:4347: checking for a sed that does not truncate output
configure:4411: result: /usr/bin/sed
configure:4429: checking for grep that handles long lines and -e
configure:4487: result: /usr/bin/grep
configure:4492: checking for egrep
configure:4554: result: /usr/bin/grep -E
configure:4559: checking for fgrep
configure:4621: result: /usr/bin/grep -F
configure:4656: checking for ld used by gcc
configure:4723: result: /usr/bin/ld
configure:4730: checking if the linker (/usr/bin/ld) is GNU ld
configure:4745: result: yes
configure:4757: checking for BSD- or MS-compatible name lister (nm)
configure:4811: result: /usr/bin/nm -B
configure:4941: checking the name lister (/usr/bin/nm -B) interface
configure:4948: gcc -c -g -O2  conftest.c >&5
configure:4951: /usr/bin/nm -B "conftest.o"
/usr/bin/nm: /usr/bin/../bin/../lib/bfd-plugins/LLVMgold.so: wrong ELF class: ELFCLASS32

configure:4954: output
0000000000000000 B some_variable
configure:4961: result: BSD nm
configure:4964: checking whether ln -s works
configure:4968: result: yes
configure:4976: checking the maximum length of command line arguments
configure:5107: result: 1572864
configure:5155: checking how to convert x86_64-pc-linux-gnu file names to x86_64-pc-linux-gnu format
configure:5195: result: func_convert_file_noop
configure:5202: checking how to convert x86_64-pc-linux-gnu file names to toolchain format
configure:5222: result: func_convert_file_noop
configure:5229: checking for /usr/bin/ld option to reload object files
configure:5236: result: -r
configure:5310: checking for objdump
configure:5326: found /usr/bin/objdump
configure:5337: result: objdump
configure:5369: checking how to recognize dependent libraries
configure:5569: result: pass_all
configure:5654: checking for dlltool
configure:5684: result: no
configure:5714: checking how to associate runtime and link libraries
configure:5741: result: printf %s\n
configure:5865: checking for archiver @FILE support
configure:5882: gcc -c -g -O2  conftest.c >&5
configure:5882: $? = 0
configure:5885: ar cru libconftest.a @conftest.lst >&5
ar: /usr/bin/../bin/../lib/bfd-plugins/LLVMgold.so: wrong ELF class: ELFCLASS32

configure:5888: $? = 0
configure:5893: ar cru libconftest.a @conftest.lst >&5
ar: conftest.o: No such file or directory
configure:5896: $? = 1
configure:5908: result: @
configure:5966: checking for strip
configure:5982: found /usr/bin/strip
configure:5993: result: strip
configure:6065: checking for ranlib
configure:6081: found /usr/bin/ranlib
configure:6092: result: ranlib
configure:6194: checking command to parse /usr/bin/nm -B output from gcc object
configure:6347: gcc -c -g -O2  conftest.c >&5
configure:6350: $? = 0
configure:6354: /usr/bin/nm -B conftest.o | sed -n -e 's/^.*[	 ]\([ABCDGIRSTW][ABCDGIRSTW]*\)[	 ][	 ]*\([_A-Za-z][_A-Za-z0-9]*\)$/\1 \2 \2/p' | sed '/ __gnu_lto/d' > conftest.nm
/usr/bin/nm: /usr/bin/../bin/../lib/bfd-plugins/LLVMgold.so: wrong ELF class: ELFCLASS32

configure:6420: gcc -o conftest -g -O2   conftest.c conftstm.o >&5
configure:6423: $? = 0
configure:6461: result: ok
configure:6508: checking for sysroot
configure:6538: result: no
configure:6545: checking for a working dd
configure:6583: result: /usr/bin/dd
configure:6587: checking how to truncate binary pipes
configure:6602: result: /usr/bin/dd bs=4096 count=1
configure:6738: gcc -c -g -O2  conftest.c >&5
configure:6741: $? = 0
configure:6931: checking for mt
configure:6961: result: no
configure:6981: checking if : is a manifest tool
configure:6987: : '-?'
configure:6995: result: no
configure:7672: checking how to run the C preprocessor
configure:7703: gcc -E  conftest.c
configure:7703: $? = 0
configure:7717: gcc -E  conftest.c
conftest.c:11:10: fatal error: ac_nonexistent.h: No such file or directory
 #include <ac_nonexistent.h>
          ^~~~~~~~~~~~~~~~~~
compilation terminated.
configure:7717: $? = 1
configure: failed program was:
| /* confdefs.h */
| #define PACKAGE_NAME "libjaylink"
| #define PACKAGE_TARNAME "libjaylink"
| #define PACKAGE_VERSION "0.3.1"
| #define PACKAGE_STRING "libjaylink 0.3.1"
| #define PACKAGE_BUGREPORT "dev@zapb.de"
| #define PACKAGE_URL "https://gitlab.zapb.de/libjaylink/libjaylink.git"
| #define PACKAGE "libjaylink"
| #define VERSION "0.3.1"
| /* end confdefs.h.  */
| #include <ac_nonexistent.h>
configure:7742: result: gcc -E
configure:7762: gcc -E  conftest.c
configure:7762: $? = 0
configure:7776: gcc -E  conftest.c
conftest.c:11:10: fatal error: ac_nonexistent.h: No such file or directory
 #include <ac_nonexistent.h>
          ^~~~~~~~~~~~~~~~~~
compilation terminated.
configure:7776: $? = 1
configure: failed program was:
| /* confdefs.h */
| #define PACKAGE_NAME "libjaylink"
| #define PACKAGE_TARNAME "libjaylink"
| #define PACKAGE_VERSION "0.3.1"
| #define PACKAGE_STRING "libjaylink 0.3.1"
| #define PACKAGE_BUGREPORT "dev@zapb.de"
| #define PACKAGE_URL "https://gitlab.zapb.de/libjaylink/libjaylink.git"
| #define PACKAGE "libjaylink"
| #define VERSION "0.3.1"
| /* end confdefs.h.  */
| #include <ac_nonexistent.h>
configure:7805: checking for ANSI C header files
configure:7825: gcc -c -g -O2  conftest.c >&5
configure:7825: $? = 0
configure:7898: gcc -o conftest -g -O2   conftest.c  >&5
configure:7898: $? = 0
configure:7898: ./conftest
configure:7898: $? = 0
configure:7909: result: yes
configure:7922: checking for sys/types.h
configure:7922: gcc -c -g -O2  conftest.c >&5
configure:7922: $? = 0
configure:7922: result: yes
configure:7922: checking for sys/stat.h
configure:7922: gcc -c -g -O2  conftest.c >&5
configure:7922: $? = 0
configure:7922: result: yes
configure:7922: checking for stdlib.h
configure:7922: gcc -c -g -O2  conftest.c >&5
configure:7922: $? = 0
configure:7922: result: yes
configure:7922: checking for string.h
configure:7922: gcc -c -g -O2  conftest.c >&5
configure:7922: $? = 0
configure:7922: result: yes
configure:7922: checking for memory.h
configure:7922: gcc -c -g -O2  conftest.c >&5
configure:7922: $? = 0
configure:7922: result: yes
configure:7922: checking for strings.h
configure:7922: gcc -c -g -O2  conftest.c >&5
configure:7922: $? = 0
configure:7922: result: yes
configure:7922: checking for inttypes.h
configure:7922: gcc -c -g -O2  conftest.c >&5
configure:7922: $? = 0
configure:7922: result: yes
configure:7922: checking for stdint.h
configure:7922: gcc -c -g -O2  conftest.c >&5
configure:7922: $? = 0
configure:7922: result: yes
configure:7922: checking for unistd.h
configure:7922: gcc -c -g -O2  conftest.c >&5
configure:7922: $? = 0
configure:7922: result: yes
configure:7936: checking for dlfcn.h
configure:7936: gcc -c -g -O2  conftest.c >&5
configure:7936: $? = 0
configure:7936: result: yes
configure:8192: checking for objdir
configure:8207: result: .libs
configure:8471: checking if gcc supports -fno-rtti -fno-exceptions
configure:8489: gcc -c -g -O2  -fno-rtti -fno-exceptions conftest.c >&5
cc1: warning: command line option '-fno-rtti' is valid for C++/ObjC++ but not for C
configure:8493: $? = 0
configure:8506: result: no
configure:8864: checking for gcc option to produce PIC
configure:8871: result: -fPIC -DPIC
configure:8879: checking if gcc PIC flag -fPIC -DPIC works
configure:8897: gcc -c -g -O2  -fPIC -DPIC -DPIC conftest.c >&5
configure:8901: $? = 0
configure:8914: result: yes
configure:8943: checking if gcc static flag -static works
configure:8971: result: no
configure:8986: checking if gcc supports -c -o file.o
configure:9007: gcc -c -g -O2  -o out/conftest2.o conftest.c >&5
configure:9011: $? = 0
configure:9033: result: yes
configure:9041: checking if gcc supports -c -o file.o
configure:9088: result: yes
configure:9121: checking whether the gcc linker (/usr/bin/ld -m elf_x86_64) supports shared libraries
configure:10384: result: yes
configure:10421: checking whether -lc should be explicitly linked in
configure:10429: gcc -c -g -O2  conftest.c >&5
configure:10432: $? = 0
configure:10447: gcc -shared  -fPIC -DPIC conftest.o  -v -Wl,-soname -Wl,conftest -o conftest 2\>\&1 \| /usr/bin/grep  -lc  \>/dev/null 2\>\&1
configure:10450: $? = 0
configure:10464: result: no
configure:10624: checking dynamic linker characteristics
configure:11205: gcc -o conftest -g -O2   -Wl,-rpath -Wl,/foo conftest.c  >&5
configure:11205: $? = 0
configure:11454: result: GNU/Linux ld.so
configure:11576: checking how to hardcode library paths into programs
configure:11601: result: immediate
configure:12149: checking whether stripping libraries is possible
configure:12154: result: yes
configure:12189: checking if libtool supports shared libraries
configure:12191: result: yes
configure:12194: checking whether to build shared libraries
configure:12219: result: yes
configure:12222: checking whether to build static libraries
configure:12226: result: yes
configure:12319: checking for pkg-config
configure:12337: found /usr/bin/pkg-config
configure:12349: result: /usr/bin/pkg-config
configure:12374: checking pkg-config is at least version 0.9.0
configure:12377: result: yes
configure:12391: checking for libusb-1.0 >= 1.0.16
configure:12398: $PKG_CONFIG --exists --print-errors "libusb-1.0 >= 1.0.16"
configure:12401: $? = 0
configure:12415: $PKG_CONFIG --exists --print-errors "libusb-1.0 >= 1.0.16"
configure:12418: $? = 0
configure:12456: result: yes
configure:12470: checking whether byte ordering is bigendian
configure:12485: gcc -c -g -O2  conftest.c >&5
conftest.c:24:9: error: unknown type name 'not'
         not a universal capable compiler
         ^~~
conftest.c:24:15: error: expected '=', ',', ';', 'asm' or '__attribute__' before 'universal'
         not a universal capable compiler
               ^~~~~~~~~
conftest.c:24:15: error: unknown type name 'universal'
configure:12485: $? = 1
configure: failed program was:
| /* confdefs.h */
| #define PACKAGE_NAME "libjaylink"
| #define PACKAGE_TARNAME "libjaylink"
| #define PACKAGE_VERSION "0.3.1"
| #define PACKAGE_STRING "libjaylink 0.3.1"
| #define PACKAGE_BUGREPORT "dev@zapb.de"
| #define PACKAGE_URL "https://gitlab.zapb.de/libjaylink/libjaylink.git"
| #define PACKAGE "libjaylink"
| #define VERSION "0.3.1"
| #define STDC_HEADERS 1
| #define HAVE_SYS_TYPES_H 1
| #define HAVE_SYS_STAT_H 1
| #define HAVE_STDLIB_H 1
| #define HAVE_STRING_H 1
| #define HAVE_MEMORY_H 1
| #define HAVE_STRINGS_H 1
| #define HAVE_INTTYPES_H 1
| #define HAVE_STDINT_H 1
| #define HAVE_UNISTD_H 1
| #define HAVE_DLFCN_H 1
| #define LT_OBJDIR ".libs/"
| /* end confdefs.h.  */
| #ifndef __APPLE_CC__
| 	       not a universal capable compiler
| 	     #endif
| 	     typedef int dummy;
| 
configure:12530: gcc -c -g -O2  conftest.c >&5
configure:12530: $? = 0
configure:12548: gcc -c -g -O2  conftest.c >&5
conftest.c: In function 'main':
conftest.c:30:4: error: unknown type name 'not'; did you mean 'ino_t'?
    not big endian
    ^~~
    ino_t
conftest.c:30:12: error: expected '=', ',', ';', 'asm' or '__attribute__' before 'endian'
    not big endian
            ^~~~~~
configure:12548: $? = 1
configure: failed program was:
| /* confdefs.h */
| #define PACKAGE_NAME "libjaylink"
| #define PACKAGE_TARNAME "libjaylink"
| #define PACKAGE_VERSION "0.3.1"
| #define PACKAGE_STRING "libjaylink 0.3.1"
| #define PACKAGE_BUGREPORT "dev@zapb.de"
| #define PACKAGE_URL "https://gitlab.zapb.de/libjaylink/libjaylink.git"
| #define PACKAGE "libjaylink"
| #define VERSION "0.3.1"
| #define STDC_HEADERS 1
| #define HAVE_SYS_TYPES_H 1
| #define HAVE_SYS_STAT_H 1
| #define HAVE_STDLIB_H 1
| #define HAVE_STRING_H 1
| #define HAVE_MEMORY_H 1
| #define HAVE_STRINGS_H 1
| #define HAVE_INTTYPES_H 1
| #define HAVE_STDINT_H 1
| #define HAVE_UNISTD_H 1
| #define HAVE_DLFCN_H 1
| #define LT_OBJDIR ".libs/"
| /* end confdefs.h.  */
| #include <sys/types.h>
| 		#include <sys/param.h>
| 
| int
| main ()
| {
| #if BYTE_ORDER != BIG_ENDIAN
| 		 not big endian
| 		#endif
| 
|   ;
|   return 0;
| }
configure:12676: result: no
configure:12948: checking that generated files are newer than configure
configure:12954: result: done
configure:12986: creating ./config.status

## ---------------------- ##
## Running config.status. ##
## ---------------------- ##

This file was extended by libjaylink config.status 0.3.1, which was
generated by GNU Autoconf 2.69.  Invocation command line was

  CONFIG_FILES    = 
  CONFIG_HEADERS  = 
  CONFIG_LINKS    = 
  CONFIG_COMMANDS = 
  $ ./config.status 

on daiabox.localdomain

config.status:1112: creating Makefile
config.status:1112: creating libjaylink/Makefile
config.status:1112: creating libjaylink/version.h
config.status:1112: creating libjaylink.pc
config.status:1112: creating Doxyfile
config.status:1112: creating config.h
config.status:1293: config.h is unchanged
config.status:1341: executing depfiles commands
config.status:1418: cd libjaylink       && sed -e '/# am--include-marker/d' Makefile         | make -f - am--depfiles
make: Nothing to be done for 'am--depfiles'.
config.status:1423: $? = 0
config.status:1341: executing libtool commands

## ---------------- ##
## Cache variables. ##
## ---------------- ##

ac_cv_build=x86_64-pc-linux-gnu
ac_cv_c_bigendian=no
ac_cv_c_compiler_gnu=yes
ac_cv_env_CC_set=
ac_cv_env_CC_value=
ac_cv_env_CFLAGS_set=
ac_cv_env_CFLAGS_value=
ac_cv_env_CPPFLAGS_set=
ac_cv_env_CPPFLAGS_value=
ac_cv_env_CPP_set=
ac_cv_env_CPP_value=
ac_cv_env_LDFLAGS_set=
ac_cv_env_LDFLAGS_value=
ac_cv_env_LIBS_set=
ac_cv_env_LIBS_value=
ac_cv_env_LT_SYS_LIBRARY_PATH_set=
ac_cv_env_LT_SYS_LIBRARY_PATH_value=
ac_cv_env_PKG_CONFIG_LIBDIR_set=
ac_cv_env_PKG_CONFIG_LIBDIR_value=
ac_cv_env_PKG_CONFIG_PATH_set=set
ac_cv_env_PKG_CONFIG_PATH_value=/usr/local/lib64/pkgconfig/:/usr/local/lib64/pkgconfig/::/usr/local/lib/pkgconfig:/usr/local/lib/pkgconfig
ac_cv_env_PKG_CONFIG_set=
ac_cv_env_PKG_CONFIG_value=
ac_cv_env_build_alias_set=
ac_cv_env_build_alias_value=
ac_cv_env_host_alias_set=
ac_cv_env_host_alias_value=
ac_cv_env_libusb_CFLAGS_set=
ac_cv_env_libusb_CFLAGS_value=
ac_cv_env_libusb_LIBS_set=
ac_cv_env_libusb_LIBS_value=
ac_cv_env_target_alias_set=
ac_cv_env_target_alias_value=
ac_cv_header_dlfcn_h=yes
ac_cv_header_inttypes_h=yes
ac_cv_header_memory_h=yes
ac_cv_header_stdc=yes
ac_cv_header_stdint_h=yes
ac_cv_header_stdlib_h=yes
ac_cv_header_string_h=yes
ac_cv_header_strings_h=yes
ac_cv_header_sys_stat_h=yes
ac_cv_header_sys_types_h=yes
ac_cv_header_unistd_h=yes
ac_cv_host=x86_64-pc-linux-gnu
ac_cv_objext=o
ac_cv_path_EGREP='/usr/bin/grep -E'
ac_cv_path_FGREP='/usr/bin/grep -F'
ac_cv_path_GREP=/usr/bin/grep
ac_cv_path_SED=/usr/bin/sed
ac_cv_path_ac_pt_PKG_CONFIG=/usr/bin/pkg-config
ac_cv_path_install='/usr/bin/install -c'
ac_cv_path_lt_DD=/usr/bin/dd
ac_cv_path_mkdir=/usr/bin/mkdir
ac_cv_prog_AWK=gawk
ac_cv_prog_CPP='gcc -E'
ac_cv_prog_ac_ct_AR=ar
ac_cv_prog_ac_ct_CC=gcc
ac_cv_prog_ac_ct_OBJDUMP=objdump
ac_cv_prog_ac_ct_RANLIB=ranlib
ac_cv_prog_ac_ct_STRIP=strip
ac_cv_prog_cc_c89=
ac_cv_prog_cc_c99=
ac_cv_prog_cc_g=yes
ac_cv_prog_make_make_set=yes
am_cv_CC_dependencies_compiler_type=gcc3
am_cv_ar_interface=ar
am_cv_make_support_nested_variables=yes
am_cv_prog_cc_c_o=yes
lt_cv_ar_at_file=@
lt_cv_archive_cmds_need_lc=no
lt_cv_deplibs_check_method=pass_all
lt_cv_file_magic_cmd='$MAGIC_CMD'
lt_cv_file_magic_test_file=
lt_cv_ld_reload_flag=-r
lt_cv_nm_interface='BSD nm'
lt_cv_objdir=.libs
lt_cv_path_LD=/usr/bin/ld
lt_cv_path_NM='/usr/bin/nm -B'
lt_cv_path_mainfest_tool=no
lt_cv_prog_compiler_c_o=yes
lt_cv_prog_compiler_pic='-fPIC -DPIC'
lt_cv_prog_compiler_pic_works=yes
lt_cv_prog_compiler_rtti_exceptions=no
lt_cv_prog_compiler_static_works=no
lt_cv_prog_gnu_ld=yes
lt_cv_sharedlib_from_linklib_cmd='printf %s\n'
lt_cv_shlibpath_overrides_runpath=no
lt_cv_sys_global_symbol_pipe='sed -n -e '\''s/^.*[	 ]\([ABCDGIRSTW][ABCDGIRSTW]*\)[	 ][	 ]*\([_A-Za-z][_A-Za-z0-9]*\)$/\1 \2 \2/p'\'' | sed '\''/ __gnu_lto/d'\'''
lt_cv_sys_global_symbol_to_c_name_address='sed -n -e '\''s/^: \(.*\) .*$/  {"\1", (void *) 0},/p'\'' -e '\''s/^[ABCDGIRSTW][ABCDGIRSTW]* .* \(.*\)$/  {"\1", (void *) \&\1},/p'\'''
lt_cv_sys_global_symbol_to_c_name_address_lib_prefix='sed -n -e '\''s/^: \(.*\) .*$/  {"\1", (void *) 0},/p'\'' -e '\''s/^[ABCDGIRSTW][ABCDGIRSTW]* .* \(lib.*\)$/  {"\1", (void *) \&\1},/p'\'' -e '\''s/^[ABCDGIRSTW][ABCDGIRSTW]* .* \(.*\)$/  {"lib\1", (void *) \&\1},/p'\'''
lt_cv_sys_global_symbol_to_cdecl='sed -n -e '\''s/^T .* \(.*\)$/extern int \1();/p'\'' -e '\''s/^[ABCDGIRSTW][ABCDGIRSTW]* .* \(.*\)$/extern char \1;/p'\'''
lt_cv_sys_global_symbol_to_import=
lt_cv_sys_max_cmd_len=1572864
lt_cv_to_host_file_cmd=func_convert_file_noop
lt_cv_to_tool_file_cmd=func_convert_file_noop
lt_cv_truncate_bin='/usr/bin/dd bs=4096 count=1'
pkg_cv_libusb_CFLAGS='-I/usr/include/libusb-1.0 '
pkg_cv_libusb_LIBS='-lusb-1.0 '

## ----------------- ##
## Output variables. ##
## ----------------- ##

ACLOCAL='${SHELL} '\''/home/inddaia/openocd/openocd-0.12.0-rc3/src/jtag/drivers/libjaylink/build-aux/missing'\'' aclocal-1.16'
AMDEPBACKSLASH='\'
AMDEP_FALSE='#'
AMDEP_TRUE=''
AMTAR='$${TAR-tar}'
AM_BACKSLASH='\'
AM_DEFAULT_V='$(AM_DEFAULT_VERBOSITY)'
AM_DEFAULT_VERBOSITY='1'
AM_LIBTOOLFLAGS='--silent'
AM_V='$(V)'
AR='ar'
AUTOCONF='${SHELL} '\''/home/inddaia/openocd/openocd-0.12.0-rc3/src/jtag/drivers/libjaylink/build-aux/missing'\'' autoconf'
AUTOHEADER='${SHELL} '\''/home/inddaia/openocd/openocd-0.12.0-rc3/src/jtag/drivers/libjaylink/build-aux/missing'\'' autoheader'
AUTOMAKE='${SHELL} '\''/home/inddaia/openocd/openocd-0.12.0-rc3/src/jtag/drivers/libjaylink/build-aux/missing'\'' automake-1.16'
AWK='gawk'
CC='gcc'
CCDEPMODE='depmode=gcc3'
CFLAGS='-g -O2'
CPP='gcc -E'
CPPFLAGS=''
CYGPATH_W='echo'
DEFS='-DHAVE_CONFIG_H'
DEPDIR='.deps'
DLLTOOL='false'
DSYMUTIL=''
DUMPBIN=''
ECHO_C=''
ECHO_N='-n'
ECHO_T=''
EGREP='/usr/bin/grep -E'
EXEEXT=''
FGREP='/usr/bin/grep -F'
GREP='/usr/bin/grep'
HAVE_LIBUSB_FALSE='#'
HAVE_LIBUSB_TRUE=''
INSTALL_DATA='${INSTALL} -m 644'
INSTALL_PROGRAM='${INSTALL}'
INSTALL_SCRIPT='${INSTALL}'
INSTALL_STRIP_PROGRAM='$(install_sh) -c -s'
JAYLINK_CFLAGS='-Wall -Wextra -Werror -fvisibility=hidden'
JAYLINK_LDFLAGS=''
JAYLINK_LIBS=''
JAYLINK_PKG_LIBS='libusb-1.0'
JAYLINK_VERSION_LIBRARY='2:0:2'
JAYLINK_VERSION_LIBRARY_AGE='2'
JAYLINK_VERSION_LIBRARY_CURRENT='2'
JAYLINK_VERSION_LIBRARY_REVISION='0'
JAYLINK_VERSION_PACKAGE='0.3.1'
JAYLINK_VERSION_PACKAGE_MAJOR='0'
JAYLINK_VERSION_PACKAGE_MICRO='1'
JAYLINK_VERSION_PACKAGE_MINOR='3'
LD='/usr/bin/ld -m elf_x86_64'
LDFLAGS=''
LIBOBJS=''
LIBS=''
LIBTOOL='$(SHELL) $(top_builddir)/libtool'
LIPO=''
LN_S='ln -s'
LTLIBOBJS=''
LT_SYS_LIBRARY_PATH=''
MAKEINFO='${SHELL} '\''/home/inddaia/openocd/openocd-0.12.0-rc3/src/jtag/drivers/libjaylink/build-aux/missing'\'' makeinfo'
MANIFEST_TOOL=':'
MKDIR_P='/usr/bin/mkdir -p'
NM='/usr/bin/nm -B'
NMEDIT=''
OBJDUMP='objdump'
OBJEXT='o'
OTOOL64=''
OTOOL=''
PACKAGE='libjaylink'
PACKAGE_BUGREPORT='dev@zapb.de'
PACKAGE_NAME='libjaylink'
PACKAGE_STRING='libjaylink 0.3.1'
PACKAGE_TARNAME='libjaylink'
PACKAGE_URL='https://gitlab.zapb.de/libjaylink/libjaylink.git'
PACKAGE_VERSION='0.3.1'
PATH_SEPARATOR=':'
PKG_CONFIG='/usr/bin/pkg-config'
PKG_CONFIG_LIBDIR=''
PKG_CONFIG_PATH='/usr/local/lib64/pkgconfig/:/usr/local/lib64/pkgconfig/::/usr/local/lib/pkgconfig:/usr/local/lib/pkgconfig'
RANLIB='ranlib'
SED='/usr/bin/sed'
SET_MAKE=''
SHELL='/bin/sh'
STRIP='strip'
SUBPROJECT_BUILD_FALSE='#'
SUBPROJECT_BUILD_TRUE=''
VERSION='0.3.1'
ac_ct_AR='ar'
ac_ct_CC='gcc'
ac_ct_DUMPBIN=''
am__EXEEXT_FALSE=''
am__EXEEXT_TRUE='#'
am__fastdepCC_FALSE='#'
am__fastdepCC_TRUE=''
am__include='include'
am__isrc=''
am__leading_dot='.'
am__nodep='_no'
am__quote=''
am__tar='$${TAR-tar} chof - "$$tardir"'
am__untar='$${TAR-tar} xf -'
bindir='${exec_prefix}/bin'
build='x86_64-pc-linux-gnu'
build_alias=''
build_cpu='x86_64'
build_os='linux-gnu'
build_vendor='pc'
datadir='${datarootdir}'
datarootdir='${prefix}/share'
docdir='${datarootdir}/doc/${PACKAGE_TARNAME}'
dvidir='${docdir}'
exec_prefix='${prefix}'
host='x86_64-pc-linux-gnu'
host_alias=''
host_cpu='x86_64'
host_os='linux-gnu'
host_vendor='pc'
htmldir='${docdir}'
includedir='${prefix}/include'
infodir='${datarootdir}/info'
install_sh='${SHELL} /home/inddaia/openocd/openocd-0.12.0-rc3/src/jtag/drivers/libjaylink/build-aux/install-sh'
libdir='${exec_prefix}/lib'
libexecdir='${exec_prefix}/libexec'
libusb_CFLAGS='-I/usr/include/libusb-1.0 '
libusb_LIBS='-lusb-1.0 '
localedir='${datarootdir}/locale'
localstatedir='${prefix}/var'
mandir='${datarootdir}/man'
mkdir_p='$(MKDIR_P)'
oldincludedir='/usr/include'
pdfdir='${docdir}'
prefix='/usr/local'
program_transform_name='s,x,x,'
psdir='${docdir}'
runstatedir='${localstatedir}/run'
sbindir='${exec_prefix}/sbin'
sharedstatedir='${prefix}/com'
sysconfdir='${prefix}/etc'
target_alias=''

## ----------- ##
## confdefs.h. ##
## ----------- ##

/* confdefs.h */
#define PACKAGE_NAME "libjaylink"
#define PACKAGE_TARNAME "libjaylink"
#define PACKAGE_VERSION "0.3.1"
#define PACKAGE_STRING "libjaylink 0.3.1"
#define PACKAGE_BUGREPORT "dev@zapb.de"
#define PACKAGE_URL "https://gitlab.zapb.de/libjaylink/libjaylink.git"
#define PACKAGE "libjaylink"
#define VERSION "0.3.1"
#define STDC_HEADERS 1
#define HAVE_SYS_TYPES_H 1
#define HAVE_SYS_STAT_H 1
#define HAVE_STDLIB_H 1
#define HAVE_STRING_H 1
#define HAVE_MEMORY_H 1
#define HAVE_STRINGS_H 1
#define HAVE_INTTYPES_H 1
#define HAVE_STDINT_H 1
#define HAVE_UNISTD_H 1
#define HAVE_DLFCN_H 1
#define LT_OBJDIR ".libs/"
#define HAVE_LIBUSB 1

configure: exit 0
